Log file open, 12/03/14 19:33:14
LogInit:Display: Running engine for game: Prototype
LogInit: Version: 4.6.0-2369412+++depot+UE4-Releases+4.6
LogInit: API Version: 2369412
LogInit: Compiled (64-bit): Nov 24 2014 21:54:04
LogInit: Compiled with Visual C++: 18.00.21005.01
LogInit: Build Configuration: Development
LogInit: Branch Name: ++depot+UE4-Releases+4.6
LogInit: Command line: 
LogInit: Base directory: C:/Program Files/Epic Games/4.6/Engine/Binaries/Win64/
LogInit: Rocket: 1
[2014.12.04-00.33.14:407][  0]LogTaskGraph: Started task graph with 3 named threads and 6 total threads.
[2014.12.04-00.33.14:467][  0]LogOnline:Warning: No default platform service specified for OnlineSubsystem
[2014.12.04-00.33.14:492][  0]LogInit: Presizing for 0 objects not considered by GC, pre-allocating 0 bytes.
[2014.12.04-00.33.14:500][  0]LogInit: Object subsystem initialized
[2014.12.04-00.33.14:501][  0]LogConsoleResponse:Warning: Skipping Unknown console variable: 'UIScaleRule = ShortestSide'
[2014.12.04-00.33.14:502][  0]LogConsoleResponse:Warning:   Found in ini file 'C:/Users/Esther/Desktop/PrototypeTEST/Prototype/Saved/Config/Windows/Engine.ini', in section '[/Script/Engine.RendererSettings]'
[2014.12.04-00.33.14:502][  0]LogConsoleResponse:Warning: Skipping Unknown console variable: 'UIScaleCurve = (EditorCurveData=(Keys=),ExternalCurve=None)'
[2014.12.04-00.33.14:502][  0]LogConsoleResponse:Warning:   Found in ini file 'C:/Users/Esther/Desktop/PrototypeTEST/Prototype/Saved/Config/Windows/Engine.ini', in section '[/Script/Engine.RendererSettings]'
[2014.12.04-00.33.14:502][  0]LogConsoleManager:Warning: Console variable 'r.MSAA.CompositingSampleCount' wasn't set (Priority ProjectSetting < Scalability)
[2014.12.04-00.33.14:502][  0]LogInit: Selected Device Profile: [Windows]
[2014.12.04-00.33.14:502][  0]LogInit: Applying CVar settings loaded from the selected device profile: [Windows]
[2014.12.04-00.33.14:506][  0]LogInit: Computer: ARCHER
[2014.12.04-00.33.14:506][  0]LogInit: User: Esther
[2014.12.04-00.33.14:506][  0]LogInit: CPU Page size=4096, Cores=4
[2014.12.04-00.33.14:506][  0]LogInit: High frequency timer resolution =3.410220 MHz
[2014.12.04-00.33.14:506][  0]LogMemory: Memory total: Physical=15.9GB (16GB approx) Virtual=131072.0GB
[2014.12.04-00.33.14:506][  0]LogMemory: Platform Memory Stats for Windows
[2014.12.04-00.33.14:506][  0]LogMemory: Process Physical Memory: 49.20 MB used, 49.20 MB peak
[2014.12.04-00.33.14:506][  0]LogMemory: Process Virtual Memory: 25.13 MB used, 25.14 MB peak
[2014.12.04-00.33.14:506][  0]LogMemory: Physical Memory: 4880.96 MB used, 16330.93 MB total
[2014.12.04-00.33.14:506][  0]LogMemory: Virtual Memory: 275.15 MB used, 134217728.00 MB total
[2014.12.04-00.33.14:529][  0]LogD3D11RHI: Found D3D11 adapter 0: NVIDIA GeForce GTX 660   (Feature Level 11_0)
[2014.12.04-00.33.14:529][  0]LogD3D11RHI: Adapter has 1989MB of dedicated video memory, 0MB of dedicated system memory, and 2048MB of shared system memory, 1 output[s]
[2014.12.04-00.33.14:530][  0]LogD3D11RHI: Found D3D11 adapter 1: Microsoft Basic Render Driver (Feature Level 11_0)
[2014.12.04-00.33.14:530][  0]LogD3D11RHI: Adapter has 0MB of dedicated video memory, 0MB of dedicated system memory, and 256MB of shared system memory, 0 output[s]
[2014.12.04-00.33.14:530][  0]LogD3D11RHI: Chosen D3D11 Adapter Id = 0
[2014.12.04-00.33.14:533][  0]LogRHI: Texture pool is 1361 MB (70% of 1945 MB)
[2014.12.04-00.33.14:542][  0]LogD3D11RHI: Async texture creation enabled
[2014.12.04-00.33.14:598][  0]LogTextLocalizationManager: The requested culture ('en_US') has no localization data; parent culture's ('en') localization data will be used.
[2014.12.04-00.33.14:726][  0]LogContentStreaming: Texture pool size is 0.000000MB
[2014.12.04-00.33.19:861][  0]LogTargetPlatformManager:Display: Building Assets For Windows
[2014.12.04-00.33.20:245][  0]LogTargetPlatformManager:Display: Building Assets For Windows
[2014.12.04-00.33.20:292][  0]LogDerivedDataCache:Display: Max Cache Size: 512 MB
[2014.12.04-00.33.20:332][  0]LogDerivedDataCache: Loaded boot cache 0.04s 39MB C:/Users/Esther/AppData/Local/UnrealEngine/4.6/DerivedDataCache/Boot.ddc.
[2014.12.04-00.33.20:332][  0]LogDerivedDataCache:Display: Loaded Boot cache: C:/Users/Esther/AppData/Local/UnrealEngine/4.6/DerivedDataCache/Boot.ddc
[2014.12.04-00.33.20:332][  0]LogDerivedDataCache: FDerivedDataBackendGraph:  Pak pak cache file ../../../../../../Users/Esther/Desktop/PrototypeTEST/Prototype/DerivedDataCache/DDC.ddp not found, will not use a pak cache.
[2014.12.04-00.33.20:332][  0]LogDerivedDataCache: Unable to find inner node Pak for hierarchical cache Hierarchy.
[2014.12.04-00.33.20:395][  0]LogDerivedDataCache:Display: Pak cache opened for reading ../../../Engine/DerivedDataCache/DDC.ddp.
[2014.12.04-00.33.20:407][  0]LogDerivedDataCache: Using Local data cache path C:/Users/Esther/AppData/Local/UnrealEngine/Common/DerivedDataCache: Writable
[2014.12.04-00.33.20:529][  0]LogCollisionProfile:Warning: Profile (UI) - Custom Channel Name = 'Weapon' hasn't been found
[2014.12.04-00.33.20:658][  0]LogMeshUtilities: No automatic mesh reduction module available
[2014.12.04-00.33.20:658][  0]LogMeshUtilities: No automatic mesh merging module available
[2014.12.04-00.33.21:001][  0]LogInit: WinSock: version 1.1 (2.2), MaxSocks=32767, MaxUdp=65467
[2014.12.04-00.33.21:049][  0]LogSlate:Warning: Failed to load font data from '../../../Engine/Content/Slate/Fonts/Roboto-Italic.ttf'
[2014.12.04-00.33.21:685][  0]UdpMessaging: Initializing bridge on interface 0.0.0.0:0 to multicast group 230.0.0.1:6666.
[2014.12.04-00.33.21:843][  0]LogDirectoryWatcher:Warning: Failed to begin reading directory changes for C:/Users/Esther/Desktop/PrototypeTEST/Prototype/Binaries/Win64. Error: 0
[2014.12.04-00.33.21:965][  0]SourceControl: Info Source control is disabled
[2014.12.04-00.33.21:965][  0]SourceControl: Info Source control is disabled
[2014.12.04-00.33.21:970][  0]SourceControl: Info Source control is disabled
[2014.12.04-00.33.22:065][  0]LogObj: 23754 objects as part of root set at end of initial load.
[2014.12.04-00.33.22:065][  0]LogUObjectAllocator: 5168128 out of 0 bytes used by permanent object pool.
[2014.12.04-00.33.22:114][  0]LogEngine: Initializing Engine...
[2014.12.04-00.33.22:240][  0]LogInit: XAudio2 using '32LD400-4 (NVIDIA High Definition Audio)' : 2 channels at 48 kHz using 16 bits per sample (channel mask 0x3)
[2014.12.04-00.33.22:248][  0]LogInit: FAudioDevice initialized.
[2014.12.04-00.33.22:264][  0]LogAIModule: Creating AISystem for world NewWorld
[2014.12.04-00.33.22:290][  0]LogDerivedDataCache: Saved boot cache 0.03s 39MB C:/Users/Esther/AppData/Local/UnrealEngine/4.6/DerivedDataCache/Boot.ddc.
[2014.12.04-00.33.22:294][  0]LogInit: Texture streaming: Enabled
[2014.12.04-00.33.22:315][  0]LogAnalytics: Creating configured Analytics provider AnalyticsET
[2014.12.04-00.33.22:316][  0]LogAnalytics: ET APIKey = Rocket.Release. APIServer = http://et2.epicgames.com/ET2/. AppVersion = 4.6.0-2369412+++depot+UE4-Releases+4.6
[2014.12.04-00.33.22:316][  0]LogAnalytics: SetUserId 70beb0383841c0a2e9ed774eed08f711
[2014.12.04-00.33.22:316][  0]LogAnalytics: AnalyticsET::StartSession [Rocket.Release]
[2014.12.04-00.33.22:327][  0]LogInit: Transaction tracking system initialized
[2014.12.04-00.33.22:401][  0]BlueprintLog: New page: Editor Load
[2014.12.04-00.33.22:428][  0]LogAssetRegistry: FAssetRegistry took 0.0112 seconds to start up
[2014.12.04-00.33.22:428][  0]LogDirectoryWatcher:Warning: Failed to begin reading directory changes for ../../../Engine/Plugins/Experimental/CharacterAI/Content/. Error: 0
[2014.12.04-00.33.22:853][  0]LogTargetPlatformManager:Display: Building Assets For Windows
[2014.12.04-00.33.23:156][  0]LogTargetPlatformManager:Display: Building Assets For Windows
[2014.12.04-00.33.23:295][  0]LogConsoleResponse:Display: 
[2014.12.04-00.33.23:335][  0]LogLinker:Warning: Asset '../../../Engine/Content/Functions/Engine_MaterialFunctions03/Procedurals/ComputeFilterWidth.uasset' has been saved with empty engine version. The asset will be loaded but may be incompatible.
[2014.12.04-00.33.23:491][  0]SourceControl: Info Source control is disabled
[2014.12.04-00.33.23:491][  0]Cmd: MAP LOAD FILE="../../../../../../Users/Esther/Desktop/PrototypeTEST/Prototype/Content/Maps/Example_Map.umap" TEMPLATE=0 SHOWPROGRESS=1
[2014.12.04-00.33.23:491][  0]LightingResults: New page: Lighting Build
[2014.12.04-00.33.23:499][  0]MapCheck: New page: Map Check
[2014.12.04-00.33.23:499][  0]LightingResults: New page: Lighting Build
[2014.12.04-00.33.23:508][  0]LogParticles: Destroying 0 GPU particle simulations for FXSystem 0x0000006DA18D9940
[2014.12.04-00.33.23:823][  0]LogEditorServer: Finished looking for orphan Actors (0.000 secs)
[2014.12.04-00.33.23:823][  0]LogAIModule: Creating AISystem for world Example_Map
[2014.12.04-00.33.23:823][  0]Cmd: MAP CHECKDEP
[2014.12.04-00.33.23:824][  0]MapCheck: New page: Example_Map - Dec 3, 2014, 2:33:23 PM
[2014.12.04-00.33.23:891][  0]MapCheck: Info Map check complete: 0 Error(s), 0 Warning(s), took 67.069ms to complete.
[2014.12.04-00.33.23:891][  0]LogFileHelpers: Loading map 'Example_Map' took 0.400
[2014.12.04-00.33.23:962][  0]LogCollectionManager: Loaded 0 collections in 0.000856 seconds
[2014.12.04-00.33.23:972][  0]LogContentBrowser:Verbose: The content browser source was changed by the sources view to '/Game'
[2014.12.04-00.33.24:045][  0]LogCrashTracker: Crashtracker disabled due to settings.
[2014.12.04-00.33.24:081][  0]LogLoad: Full Startup: 11.47 seconds (BP compile: 0.05 seconds)
[2014.12.04-00.33.24:536][  0]LogPackageName: SearchForPackageOnDisk took   0.061s to resolve LevelEditor.TutorialLaunchButton
[2014.12.04-00.33.24:536][  0]LogUObjectGlobals:Warning: LoadPackage can't find package LevelEditor.TutorialLaunchButton.
[2014.12.04-00.33.24:595][  0]LogPackageName: SearchForPackageOnDisk took   0.059s to resolve 
[2014.12.04-00.33.24:595][  0]LogUObjectGlobals:Warning: LoadPackage can't find package .
[2014.12.04-00.33.24:676][  0]LogRenderer:Warning: Reallocating scene render targets to support 1136x904.
[2014.12.04-00.33.25:128][  2]LogAssetRegistry: Asset discovery search completed in 2.7116 seconds
[2014.12.04-00.34.04:128][710]LogPackageName: SearchForPackageOnDisk took   0.060s to resolve LevelEditor.TutorialLaunchButton
[2014.12.04-00.34.04:128][710]LogUObjectGlobals:Warning: LoadPackage can't find package LevelEditor.TutorialLaunchButton.
[2014.12.04-00.34.04:188][710]LogPackageName: SearchForPackageOnDisk took   0.060s to resolve 
[2014.12.04-00.34.04:188][710]LogUObjectGlobals:Warning: LoadPackage can't find package .
[2014.12.04-00.34.19:526][267]LogPackageName: SearchForPackageOnDisk took   0.063s to resolve LevelEditor.TutorialLaunchButton
[2014.12.04-00.34.19:526][267]LogUObjectGlobals:Warning: LoadPackage can't find package LevelEditor.TutorialLaunchButton.
[2014.12.04-00.34.19:587][267]LogPackageName: SearchForPackageOnDisk took   0.060s to resolve 
[2014.12.04-00.34.19:587][267]LogUObjectGlobals:Warning: LoadPackage can't find package .
[2014.12.04-00.34.33:283][691]LogPackageName: SearchForPackageOnDisk took   0.062s to resolve LevelEditor.TutorialLaunchButton
[2014.12.04-00.34.33:283][691]LogUObjectGlobals:Warning: LoadPackage can't find package LevelEditor.TutorialLaunchButton.
[2014.12.04-00.34.33:341][691]LogPackageName: SearchForPackageOnDisk took   0.059s to resolve 
[2014.12.04-00.34.33:342][691]LogUObjectGlobals:Warning: LoadPackage can't find package .
[2014.12.04-00.46.24:105][900]LogContentBrowser:Verbose: The content browser source was changed by the sources view to '/Game/Blueprints'
[2014.12.04-00.46.28:893][165]LogContentBrowser:Verbose: The content browser source was changed by the sources view to '/Game/Blueprints'
[2014.12.04-00.46.33:546][558]Cmd: OBJ SAVEPACKAGE PACKAGE="/Game/Blueprints/TESTBLUEPRINT" FILE="../../../../../../Users/Esther/Desktop/PrototypeTEST/Prototype/Content/Blueprints/TESTBLUEPRINT.uasset" SILENT=true
[2014.12.04-00.46.33:604][558]LogSavePackage: Save=33.536839ms
[2014.12.04-00.46.33:605][558]LogSavePackage: Moving '../../../../../../Users/Esther/Desktop/PrototypeTEST/Prototype/Saved/TESTBLUEPRINTC352FC2A4E253776EAC6A0A4470FDB43.tmp' to '../../../../../../Users/Esther/Desktop/PrototypeTEST/Prototype/Content/Blueprints/TESTBLUEPRINT.uasset'
[2014.12.04-00.47.01:419][231]LogPackageName: SearchForPackageOnDisk took   0.079s to resolve LevelEditor.TutorialLaunchButton
[2014.12.04-00.47.01:419][231]LogUObjectGlobals:Warning: LoadPackage can't find package LevelEditor.TutorialLaunchButton.
[2014.12.04-00.47.01:478][231]LogPackageName: SearchForPackageOnDisk took   0.059s to resolve 
[2014.12.04-00.47.01:478][231]LogUObjectGlobals:Warning: LoadPackage can't find package .
[2014.12.04-00.50.42:796][569]LogPackageName: SearchForPackageOnDisk took   0.061s to resolve LevelEditor.TutorialLaunchButton
[2014.12.04-00.50.42:796][569]LogUObjectGlobals:Warning: LoadPackage can't find package LevelEditor.TutorialLaunchButton.
[2014.12.04-00.50.42:855][569]LogPackageName: SearchForPackageOnDisk took   0.059s to resolve 
[2014.12.04-00.50.42:855][569]LogUObjectGlobals:Warning: LoadPackage can't find package .
[2014.12.04-00.50.56:737][505]BlueprintLog: New page: Compile TESTBLUEPRINT
[2014.12.04-00.50.56:889][505]LogParticles: Destroying 0 GPU particle simulations for FXSystem 0x0000006DA9A75D00
[2014.12.04-00.50.56:896][505]BlueprintEditorCompileResults: Info [1064.29] Compile of TESTBLUEPRINT successful! [in 158 ms]
[2014.12.04-00.50.58:063][595]Cmd: OBJ SAVEPACKAGE PACKAGE="/Game/Blueprints/TESTBLUEPRINT" FILE="../../../../../../Users/Esther/Desktop/PrototypeTEST/Prototype/Content/Blueprints/TESTBLUEPRINT.uasset" SILENT=true
[2014.12.04-00.50.58:081][595]LogSavePackage: Save=4.630786ms
[2014.12.04-00.50.58:081][595]LogSavePackage: Moving '../../../../../../Users/Esther/Desktop/PrototypeTEST/Prototype/Saved/TESTBLUEPRINTB8D6C12D4C09142328A8CAB4773EB725.tmp' to '../../../../../../Users/Esther/Desktop/PrototypeTEST/Prototype/Content/Blueprints/TESTBLUEPRINT.uasset'
[2014.12.04-00.52.20:012][232]LogPackageName: SearchForPackageOnDisk took   0.060s to resolve LevelEditor.TutorialLaunchButton
[2014.12.04-00.52.20:012][232]LogUObjectGlobals:Warning: LoadPackage can't find package LevelEditor.TutorialLaunchButton.
[2014.12.04-00.52.20:071][232]LogPackageName: SearchForPackageOnDisk took   0.059s to resolve 
[2014.12.04-00.52.20:071][232]LogUObjectGlobals:Warning: LoadPackage can't find package .
[2014.12.04-00.52.25:383][616]BlueprintLog: New page: Compile TESTBLUEPRINT
[2014.12.04-00.52.25:386][616]LogBlueprint:Error: [compiler] Error The type of  Target Array  is undetermined.  Connect something to  Add  to imply a specific type.
[2014.12.04-00.52.25:387][616]LogBlueprint:Error: [compiler] Error The type of  New Item  is undetermined.  Connect something to  Add  to imply a specific type.
[2014.12.04-00.52.25:387][616]LogBlueprint:Error: [compiler] Error The current value of the ' Target Array ' pin is invalid: Array inputs (like 'Target Array') must have an input wired into them (try connecting a MakeArray node).
[2014.12.04-00.52.25:387][616]LogBlueprint:Error: [compiler] Error The current value of the ' New Item ' pin is invalid: Unsupported type Wildcard (by ref) on pin NewItem
[2014.12.04-00.52.25:454][616]LogParticles: Destroying 0 GPU particle simulations for FXSystem 0x0000006DA94F60C0
[2014.12.04-00.52.25:460][616]LogBlueprint:Warning: [compiler] Warning [1152.85] Compile of TESTBLUEPRINT failed. 4 Fatal Issue(s) 0 Warning(s) [in 76 ms]
[2014.12.04-00.52.25:460][616]BlueprintEditorCompileResults:Error: Error The type of  Target Array  is undetermined.  Connect something to  Add  to imply a specific type.
[2014.12.04-00.52.25:460][616]BlueprintEditorCompileResults:Error: Error The type of  New Item  is undetermined.  Connect something to  Add  to imply a specific type.
[2014.12.04-00.52.25:460][616]BlueprintEditorCompileResults:Error: Error The current value of the ' Target Array ' pin is invalid: Array inputs (like 'Target Array') must have an input wired into them (try connecting a MakeArray node).
[2014.12.04-00.52.25:461][616]BlueprintEditorCompileResults:Error: Error The current value of the ' New Item ' pin is invalid: Unsupported type Wildcard (by ref) on pin NewItem
[2014.12.04-00.52.25:461][616]BlueprintEditorCompileResults:Warning: Warning [1152.85] Compile of TESTBLUEPRINT failed. 4 Fatal Issue(s) 0 Warning(s) [in 76 ms]
[2014.12.04-00.52.26:306][681]Cmd: OBJ SAVEPACKAGE PACKAGE="/Game/Blueprints/TESTBLUEPRINT" FILE="../../../../../../Users/Esther/Desktop/PrototypeTEST/Prototype/Content/Blueprints/TESTBLUEPRINT.uasset" SILENT=true
[2014.12.04-00.52.26:326][681]LogSavePackage: Save=5.108468ms
[2014.12.04-00.52.26:326][681]LogSavePackage: Moving '../../../../../../Users/Esther/Desktop/PrototypeTEST/Prototype/Saved/TESTBLUEPRINT779BB1B14EE450ED5C9ECF82DF8C8867.tmp' to '../../../../../../Users/Esther/Desktop/PrototypeTEST/Prototype/Content/Blueprints/TESTBLUEPRINT.uasset'
[2014.12.04-00.52.38:735][573]BlueprintLog: New page: Compile TESTBLUEPRINT
[2014.12.04-00.52.38:783][573]BlueprintEditorCompileResults: Info [1166.17] Compile of TESTBLUEPRINT successful! [in 46 ms]
[2014.12.04-00.52.39:767][647]Cmd: OBJ SAVEPACKAGE PACKAGE="/Game/Blueprints/TESTBLUEPRINT" FILE="../../../../../../Users/Esther/Desktop/PrototypeTEST/Prototype/Content/Blueprints/TESTBLUEPRINT.uasset" SILENT=true
[2014.12.04-00.52.39:792][647]LogSavePackage: Save=4.839277ms
[2014.12.04-00.52.39:792][647]LogSavePackage: Moving '../../../../../../Users/Esther/Desktop/PrototypeTEST/Prototype/Saved/TESTBLUEPRINT7362097B42BA0F19DBCE7CBCF054954C.tmp' to '../../../../../../Users/Esther/Desktop/PrototypeTEST/Prototype/Content/Blueprints/TESTBLUEPRINT.uasset'
[2014.12.04-00.52.47:031][879]Cmd: OBJ SAVEPACKAGE PACKAGE="/Game/Blueprints/TESTBLUEPRINT" FILE="../../../../../../Users/Esther/Desktop/PrototypeTEST/Prototype/Content/Blueprints/TESTBLUEPRINT.uasset" SILENT=true
[2014.12.04-00.52.47:058][879]LogSavePackage: Save=4.821976ms
[2014.12.04-00.52.47:058][879]LogSavePackage: Moving '../../../../../../Users/Esther/Desktop/PrototypeTEST/Prototype/Saved/TESTBLUEPRINT626A546640D1F846892B99BD7875760B.tmp' to '../../../../../../Users/Esther/Desktop/PrototypeTEST/Prototype/Content/Blueprints/TESTBLUEPRINT.uasset'
[2014.12.04-00.54.09:544][469]LogObjectTools:Warning: ForceReplaceReferences replaced references for a transient object 'DEADCLASS_TESTBLUEPRINT_C_0' or package '/Engine/Transient'.
[2014.12.04-00.54.09:544][469]LogObjectTools:Warning: ForceReplaceReferences replaced references for a transient object 'DEADCLASS_TESTBLUEPRINT_C_1' or package '/Engine/Transient'.
[2014.12.04-00.54.09:544][469]LogObjectTools:Warning: ForceReplaceReferences replaced references for a transient object 'K2Node_ClassDynamicCast_386' or package '/Engine/Transient'.
[2014.12.04-00.54.09:544][469]LogObjectTools:Warning: ForceReplaceReferences replaced references for a transient object 'K2Node_DynamicCast_386' or package '/Engine/Transient'.
[2014.12.04-00.54.09:544][469]LogObjectTools:Warning: ForceReplaceReferences replaced references for a transient object 'K2Node_VariableSet_13' or package '/Engine/Transient'.
[2014.12.04-00.54.09:544][469]LogObjectTools:Warning: ForceReplaceReferences replaced references for a transient object 'K2Node_ClassDynamicCast_387' or package '/Engine/Transient'.
[2014.12.04-00.54.09:544][469]LogObjectTools:Warning: ForceReplaceReferences replaced references for a transient object 'K2Node_DynamicCast_387' or package '/Engine/Transient'.
[2014.12.04-00.54.09:544][469]LogObjectTools:Warning: ForceReplaceReferences replaced references for a transient object 'REINST_SKEL_TESTBLUEPRINT_C_40' or package '/Engine/Transient'.
[2014.12.04-00.54.09:544][469]LogObjectTools:Warning: ForceReplaceReferences replaced references for a transient object 'REINST_TESTBLUEPRINT_C_39' or package '/Engine/Transient'.
[2014.12.04-00.54.09:635][469]LogParticles: Destroying 0 GPU particle simulations for FXSystem 0x0000006DAE604FE0
[2014.12.04-00.54.30:740][  5]Cmd: OBJ SAVEPACKAGE PACKAGE="/Game/Maps/Example_Map" FILE="../../../../../../Users/Esther