Log file open, 12/03/14 22:22:50
LogInit:Display: Running engine for game: Prototype
LogInit: Version: 4.6.0-2369412+++depot+UE4-Releases+4.6
LogInit: API Version: 2369412
LogInit: Compiled (64-bit): Nov 24 2014 21:54:04
LogInit: Compiled with Visual C++: 18.00.21005.01
LogInit: Build Configuration: Development
LogInit: Branch Name: ++depot+UE4-Releases+4.6
LogInit: Command line:  
LogInit: Base directory: C:/Program Files/Epic Games/4.6/Engine/Binaries/Win64/
LogInit: Rocket: 1
[2014.12.04-03.22.50:336][  0]LogTaskGraph: Started task graph with 3 named threads and 6 total threads.
[2014.12.04-03.22.50:396][  0]LogOnline:Warning: No default platform service specified for OnlineSubsystem
[2014.12.04-03.22.50:426][  0]LogInit: Presizing for 0 objects not considered by GC, pre-allocating 0 bytes.
[2014.12.04-03.22.50:434][  0]LogInit: Object subsystem initialized
[2014.12.04-03.22.50:436][  0]LogConsoleResponse:Warning: Skipping Unknown console variable: 'UIScaleRule = ShortestSide'
[2014.12.04-03.22.50:436][  0]LogConsoleResponse:Warning:   Found in ini file 'C:/Users/Esther/Desktop/PrototypeTEST/Prototype/Saved/Config/Windows/Engine.ini', in section '[/Script/Engine.RendererSettings]'
[2014.12.04-03.22.50:436][  0]LogConsoleResponse:Warning: Skipping Unknown console variable: 'UIScaleCurve = (EditorCurveData=(Keys=),ExternalCurve=None)'
[2014.12.04-03.22.50:436][  0]LogConsoleResponse:Warning:   Found in ini file 'C:/Users/Esther/Desktop/PrototypeTEST/Prototype/Saved/Config/Windows/Engine.ini', in section '[/Script/Engine.RendererSettings]'
[2014.12.04-03.22.50:436][  0]LogConsoleManager:Warning: Console variable 'r.MSAA.CompositingSampleCount' wasn't set (Priority ProjectSetting < Scalability)
[2014.12.04-03.22.50:436][  0]LogInit: Selected Device Profile: [Windows]
[2014.12.04-03.22.50:436][  0]LogInit: Applying CVar settings loaded from the selected device profile: [Windows]
[2014.12.04-03.22.50:440][  0]LogInit: Computer: ARCHER
[2014.12.04-03.22.50:440][  0]LogInit: User: Esther
[2014.12.04-03.22.50:440][  0]LogInit: CPU Page size=4096, Cores=4
[2014.12.04-03.22.50:440][  0]LogInit: High frequency timer resolution =3.410220 MHz
[2014.12.04-03.22.50:440][  0]LogMemory: Memory total: Physical=15.9GB (16GB approx) Virtual=131072.0GB
[2014.12.04-03.22.50:440][  0]LogMemory: Platform Memory Stats for Windows
[2014.12.04-03.22.50:440][  0]LogMemory: Process Physical Memory: 49.18 MB used, 49.18 MB peak
[2014.12.04-03.22.50:440][  0]LogMemory: Process Virtual Memory: 25.13 MB used, 25.13 MB peak
[2014.12.04-03.22.50:440][  0]LogMemory: Physical Memory: 4126.30 MB used, 16330.93 MB total
[2014.12.04-03.22.50:440][  0]LogMemory: Virtual Memory: 275.15 MB used, 134217728.00 MB total
[2014.12.04-03.22.50:474][  0]LogD3D11RHI: Found D3D11 adapter 0: NVIDIA GeForce GTX 660   (Feature Level 11_0)
[2014.12.04-03.22.50:474][  0]LogD3D11RHI: Adapter has 1989MB of dedicated video memory, 0MB of dedicated system memory, and 2048MB of shared system memory, 1 output[s]
[2014.12.04-03.22.50:475][  0]LogD3D11RHI: Found D3D11 adapter 1: Microsoft Basic Render Driver (Feature Level 11_0)
[2014.12.04-03.22.50:475][  0]LogD3D11RHI: Adapter has 0MB of dedicated video memory, 0MB of dedicated system memory, and 256MB of shared system memory, 0 output[s]
[2014.12.04-03.22.50:475][  0]LogD3D11RHI: Chosen D3D11 Adapter Id = 0
[2014.12.04-03.22.50:478][  0]LogRHI: Texture pool is 1361 MB (70% of 1945 MB)
[2014.12.04-03.22.50:486][  0]LogD3D11RHI: Async texture creation enabled
[2014.12.04-03.22.50:543][  0]LogTextLocalizationManager: The requested culture ('en_US') has no localization data; parent culture's ('en') localization data will be used.
[2014.12.04-03.22.50:664][  0]LogContentStreaming: Texture pool size is 0.000000MB
[2014.12.04-03.22.55:755][  0]LogTargetPlatformManager:Display: Building Assets For Windows
[2014.12.04-03.22.56:135][  0]LogTargetPlatformManager:Display: Building Assets For Windows
[2014.12.04-03.22.56:180][  0]LogDerivedDataCache:Display: Max Cache Size: 512 MB
[2014.12.04-03.22.56:218][  0]LogDerivedDataCache: Loaded boot cache 0.04s 39MB C:/Users/Esther/AppData/Local/UnrealEngine/4.6/DerivedDataCache/Boot.ddc.
[2014.12.04-03.22.56:218][  0]LogDerivedDataCache:Display: Loaded Boot cache: C:/Users/Esther/AppData/Local/UnrealEngine/4.6/DerivedDataCache/Boot.ddc
[2014.12.04-03.22.56:219][  0]LogDerivedDataCache: FDerivedDataBackendGraph:  Pak pak cache file ../../../../../../Users/Esther/Desktop/PrototypeTEST/Prototype/DerivedDataCache/DDC.ddp not found, will not use a pak cache.
[2014.12.04-03.22.56:219][  0]LogDerivedDataCache: Unable to find inner node Pak for hierarchical cache Hierarchy.
[2014.12.04-03.22.56:281][  0]LogDerivedDataCache:Display: Pak cache opened for reading ../../../Engine/DerivedDataCache/DDC.ddp.
[2014.12.04-03.22.56:293][  0]LogDerivedDataCache: Using Local data cache path C:/Users/Esther/AppData/Local/UnrealEngine/Common/DerivedDataCache: Writable
[2014.12.04-03.22.56:408][  0]LogCollisionProfile:Warning: Profile (UI) - Custom Channel Name = 'Weapon' hasn't been found
[2014.12.04-03.22.56:537][  0]LogMeshUtilities: No automatic mesh reduction module available
[2014.12.04-03.22.56:537][  0]LogMeshUtilities: No automatic mesh merging module available
[2014.12.04-03.22.56:879][  0]LogInit: WinSock: version 1.1 (2.2), MaxSocks=32767, MaxUdp=65467
[2014.12.04-03.22.56:925][  0]LogSlate:Warning: Failed to load font data from '../../../Engine/Content/Slate/Fonts/Roboto-Italic.ttf'
[2014.12.04-03.22.57:568][  0]UdpMessaging: Initializing bridge on interface 0.0.0.0:0 to multicast group 230.0.0.1:6666.
[2014.12.04-03.22.57:709][  0]LogDirectoryWatcher:Warning: Failed to begin reading directory changes for C:/Users/Esther/Desktop/PrototypeTEST/Prototype/Binaries/Win64. Error: 0
[2014.12.04-03.22.57:832][  0]SourceControl: Info Source control is disabled
[2014.12.04-03.22.57:832][  0]SourceControl: Info Source control is disabled
[2014.12.04-03.22.57:838][  0]SourceControl: Info Source control is disabled
[2014.12.04-03.22.57:933][  0]LogObj: 23754 objects as part of root set at end of initial load.
[2014.12.04-03.22.57:933][  0]LogUObjectAllocator: 5168128 out of 0 bytes used by permanent object pool.
[2014.12.04-03.22.57:983][  0]LogEngine: Initializing Engine...
[2014.12.04-03.22.58:112][  0]LogInit: XAudio2 using '32LD400-4 (NVIDIA High Definition Audio)' : 2 channels at 48 kHz using 16 bits per sample (channel mask 0x3)
[2014.12.04-03.22.58:116][  0]LogInit: FAudioDevice initialized.
[2014.12.04-03.22.58:132][  0]LogAIModule: Creating AISystem for world NewWorld
[2014.12.04-03.22.58:156][  0]LogDerivedDataCache: Saved boot cache 0.02s 39MB C:/Users/Esther/AppData/Local/UnrealEngine/4.6/DerivedDataCache/Boot.ddc.
[2014.12.04-03.22.58:160][  0]LogInit: Texture streaming: Enabled
[2014.12.04-03.22.58:184][  0]LogAnalytics: Creating configured Analytics provider AnalyticsET
[2014.12.04-03.22.58:184][  0]LogAnalytics: ET APIKey = Rocket.Release. APIServer = http://et2.epicgames.com/ET2/. AppVersion = 4.6.0-2369412+++depot+UE4-Releases+4.6
[2014.12.04-03.22.58:184][  0]LogAnalytics: SetUserId 70beb0383841c0a2e9ed774eed08f711
[2014.12.04-03.22.58:184][  0]LogAnalytics: AnalyticsET::StartSession [Rocket.Release]
[2014.12.04-03.22.58:196][  0]LogInit: Transaction tracking system initialized
[2014.12.04-03.22.58:268][  0]BlueprintLog: New page: Editor Load
[2014.12.04-03.22.58:294][  0]LogAssetRegistry: FAssetRegistry took 0.0109 seconds to start up
[2014.12.04-03.22.58:294][  0]LogDirectoryWatcher:Warning: Failed to begin reading directory changes for ../../../Engine/Plugins/Experimental/CharacterAI/Content/. Error: 0
[2014.12.04-03.22.58:703][  0]LogTargetPlatformManager:Display: Building Assets For Windows
[2014.12.04-03.22.59:007][  0]LogTargetPlatformManager:Display: Building Assets For Windows
[2014.12.04-03.22.59:152][  0]LogConsoleResponse:Display: 
[2014.12.04-03.22.59:192][  0]LogLinker:Warning: Asset '../../../Engine/Content/Functions/Engine_MaterialFunctions03/Procedurals/ComputeFilterWidth.uasset' has been saved with empty engine version. The asset will be loaded but may be incompatible.
[2014.12.04-03.22.59:351][  0]SourceControl: Info Source control is disabled
[2014.12.04-03.22.59:351][  0]Cmd: MAP LOAD FILE="../../../../../../Users/Esther/Desktop/PrototypeTEST/Prototype/Content/Maps/Example_Map.umap" TEMPLATE=0 SHOWPROGRESS=1
[2014.12.04-03.22.59:352][  0]LightingResults: New page: Lighting Build
[2014.12.04-03.22.59:359][  0]MapCheck: New page: Map Check
[2014.12.04-03.22.59:359][  0]LightingResults: New page: Lighting Build
[2014.12.04-03.22.59:366][  0]LogParticles: Destroying 0 GPU particle simulations for FXSystem 0x000000BD08CD1940
[2014.12.04-03.22.59:710][  0]LogEditorServer: Finished looking for orphan Actors (0.000 secs)
[2014.12.04-03.22.59:710][  0]LogAIModule: Creating AISystem for world Example_Map
[2014.12.04-03.22.59:711][  0]Cmd: MAP CHECKDEP
[2014.12.04-03.22.59:711][  0]MapCheck: New page: Example_Map - Dec 3, 2014, 5:22:59 PM
[2014.12.04-03.22.59:779][  0]MapCheck: Info Map check complete: 0 Error(s), 0 Warning(s), took 67.905ms to complete.
[2014.12.04-03.22.59:779][  0]LogFileHelpers: Loading map 'Example_Map' took 0.427
[2014.12.04-03.22.59:873][  0]LogCollectionManager: Loaded 0 collections in 0.001284 seconds
[2014.12.04-03.22.59:955][  0]LogCrashTracker: Crashtracker disabled due to settings.
[2014.12.04-03.22.59:961][  0]LogUObjectGlobals:Warning: Failed to find object 'Class None.'
[2014.12.04-03.22.59:987][  0]LogLoad: Full Startup: 11.47 seconds (BP compile: 0.06 seconds)
[2014.12.04-03.23.00:329][  0]LogContentBrowser:Verbose: The content browser source was changed by the sources view to '/Game/Blueprints'
[2014.12.04-03.23.00:459][  0]LogRenderer:Warning: Reallocating scene render targets to support 1136x904.
[2014.12.04-03.23.00:673][  1]LogAssetRegistry: Asset discovery search completed in 2.3904 seconds
[2014.12.04-03.28.59:293][479]BlueprintLog: New page: Compile Humperdink2
[2014.12.04-03.28.59:363][479]BlueprintEditorCompileResults: Info [0370.84] Compile of Humperdink2 successful! [in 65 ms]
[2014.12.04-03.29.00:283][544]Cmd: OBJ SAVEPACKAGE PACKAGE="/Game/Blueprints/Humperdink2" FILE="../../../../../../Users/Esther/Desktop/PrototypeTEST/Prototype/Content/Blueprints/Humperdink2.uasset" SILENT=true
[2014.12.04-03.29.00:581][544]LogSavePackage: Save=293.956696ms
[2014.12.04-03.29.00:581][544]LogSavePackage: Moving '../../../../../../Users/Esther/Desktop/PrototypeTEST/Prototype/Saved/Humperdink2003068824F2D70C302FD2EACCD74DD14.tmp' to '../../../../../../Users/Esther/Desktop/PrototypeTEST/Prototype/Content/Blueprints/Humperdink2.uasset'
[2014.12.04-03.29.04:338][850]LogParticles: Destroying 0 GPU particle simulations for FXSystem 0x000000BD10544EA0
[2014.12.04-03.29.04:338][850]LogParticles: Destroying 0 GPU particle simulations for FXSystem 0x000000BD0C1118A0
[2014.12.04-03.29.04:907][851]Cmd: QUIT_EDITOR
[2014.12.04-03.29.05:238][851]LogExit: Preparing to exit.
[2014.12.04-03.29.05:947][851]LogExit: Editor shut down
[2014.12.04-03.29.05:947][851]LogExit: Transaction tracking system shut down
[2014.12.04-03.29.05:948][851]LogParticles: Destroying 0 GPU particle simulations for FXSystem 0x000000BD7C3C3420
[2014.12.04-03.29.05:948][851]LogParticles: Destroying 0 GPU particle simulations for FXSystem 0x000000BD7F879F80
[2014.12.04-03.29.05:987][851]LogExit: Object subsystem successfully closed.
[2014.12.04-03.29.06:032][851]LogModuleManager: Shutting down and abandoning module AndroidDeviceDetection (172)
[2014.12.04-03.29.06:032][851]LogModuleManager: Shutting down and abandoning module CrashTracker (171)
[2014.12.04-03.29.06:033][851]LogModuleManager: Shutting down and abandoning module SuperSearch (170)
[2014.12.04-03.29.06:033][851]LogModuleManager: Shutting down and abandoning module SceneOutliner (169)
[2014.12.04-03.29.06:033][851]LogModuleManager: Shutting down and abandoning module EditorWidgets (168)
[2014.12.04-03.29.06:033][851]LogModuleManager: Shutting down and abandoning module CollectionManager (167)
[2014.12.04-03.29.06:033][851]LogModuleManager: Shutting down and abandoning module StatsViewer (166)
[2014.12.04-03.29.06:033][851]LogModuleManager: Shutting down and abandoning module FoliageEdit (165)
[2014.12.04-03.29.06:033][851]LogModuleManager: Shutting down and abandoning module LandscapeEditor (164)
[2014.12.04-03.29.06:033][851]LogModuleManager: Shutting down and abandoning module MeshPaint (163)
[2014.12.04-03.29.06:033][851]LogModuleManager: Shutting down and abandoning module ActorPickerMode (162)
[2014.12.04-03.29.06:033][851]LogModuleManager: Shutting down and abandoning module GeometryMode (161)
[2014.12.04-03.29.06:033][851]LogModuleManager: Shutting down and abandoning module TextureAlignMode (160)
[2014.12.04-03.29.06:033][851]LogModuleManager: Shutting down and abandoning module BspMode (159)
[2014.12.04-03.29.06:033][851]LogModuleManager: Shutting down and abandoning module PlacementMode (158)
[2014.12.04-03.29.06:033][851]LogModuleManager: Shutting down and abandoning module AutomationWorker (157)
[2014.12.04-03.29.06:033][851]LogModuleManager: Shutting down and abandoning module CharacterAI (156)
[2014.12.04-03.29.06:033][851]LogModuleManager: Shutting down and abandoning module GameProjectGeneration (155)
[2014.12.04-03.29.06:033][851]LogModuleManager: Shutting down and abandoning module IntroTutorials (154)
[2014.12.04-03.29.06:033][851]LogModuleManager: Shutting down and abandoning module EditorLiveStreaming (153)
[2014.12.04-03.29.06:033][851]LogModuleManager: Shutting down and abandoning module HardwareTargeting (152)
[2014.12.04-03.29.06:033][851]LogModuleManager: Shutting down and abandoning module DeviceProfileEditor (151)
[2014.12.04-03.29.06:033][851]LogModuleManager: Shutting down and abandoning module UndoHistory (150)
[2014.12.04-03.29.06:033][851]LogModuleManager: Shutting down and abandoning module GameplayTagsEditor (149)
[2014.12.04-03.29.06:033][851]LogModuleManager: Shutting down and abandoning module UserFeedback (148)
[2014.12.04-03.29.06:033][851]LogModuleManager: Shutting down and abandoning module XmlParser (147)
[2014.12.04-03.29.06:033][851]LogModuleManager: Shutting down and abandoning module Blutility (146)
[2014.12.04-03.29.06:033][851]LogModuleManager: Shutting down and abandoning module IOSPlatformEditor (145)
[2014.12.04-03.29.06:033][851]LogModuleManager: Shutting down and abandoning module IOSRuntimeSettings (144)
[2014.12.04-03.29.06:033][851]LogModuleManager: Shutting down and abandoning module AndroidPlatformEditor (143)
[2014.12.04-03.29.06:033][851]LogModuleManager: Shutting down and abandoning module AndroidRuntimeSettings (142)
[2014.12.04-03.29.06:033][851]LogModuleManager: Shutting down and abandoning module ProjectTargetPlatformEditor (141)
[2014.12.04-03.29.06:033][851]LogModuleManager: Shutting down and abandoning module ProjectSettingsViewer (140)
[2014.12.04-03.29.06:033][851]LogModuleManager: Shutting down and abandoning module InputBindingEditor (139)
[2014.12.04-03.29.06:033][851]LogModuleManager: Shutting down and abandoning module EditorSettingsViewer (138)
[2014.12.04-03.29.06:033][851]LogModuleManager: Shutting down and abandoning module SettingsEditor (137)
[2014.12.04-03.29.06:033][851]LogModuleManager: Shutting down and abandoning module ProjectLauncher (136)
[2014.12.04-03.29.06:033][851]LogModuleManager: Shutting down and abandoning module SessionFrontend (135)
[2014.12.04-03.29.06:033][851]LogModuleManager: Shutting down and abandoning module ProfilerClient (134)
[2014.12.04-03.29.06:033][851]LogModuleManager: Shutting down and abandoning module TargetDeviceServices (133)
[2014.12.04-03.29.06:033][851]LogModuleManager: Shutting down and abandoning module DeviceManager (132)
[2014.12.04-03.29.06:034][851]LogModuleManager: Shutting down and abandoning module AutomationController (131)
[2014.12.04-03.29.06:034][851]LogModuleManager: Shutting down and abandoning module AutomationWindow (130)
[2014.12.04-03.29.06:034][851]LogModuleManager: Shutting down and abandoning module Layers (129)
[2014.12.04-03.29.06:034][851]LogModuleManager: Shutting down and abandoning module ComponentVisualizers (128)
[2014.12.04-03.29.06:034][851]LogModuleManager: Shutting down and abandoning module DetailCustomizations (127)
[2014.12.04-03.29.06:034][851]LogModuleManager: Shutting down and abandoning module PackagesDialog (126)
[2014.12.04-03.29.06:034][851]LogModuleManager: Shutting down and abandoning module AssetRegistry (125)
[2014.12.04-03.29.06:151][851]LogModuleManager: Shutting down and abandoning module Persona (124)
[2014.12.04-03.29.06:151][851]LogModuleManager: Shutting down and abandoning module Kismet (123)
[2014.12.04-03.29.06:151][851]LogModuleManager: Shutting down and abandoning module GraphEditor (122)
[2014.12.04-03.29.06:152][851]LogModuleManager: Shutting down and abandoning module ClassViewer (121)
[2014.12.04-03.29.06:152][851]LogModuleManager: Shutting down and abandoning module Toolbox (120)
[2014.12.04-03.29.06:152][851]LogModuleManager: Shutting down and abandoning module ModuleUI (119)
[2014.12.04-03.29.06:152][851]LogModuleManager: Shutting down and abandoning module MovieSceneTools (118)
[2014.12.04-03.29.06:152][851]LogModuleManager: Shutting down and abandoning module OutputLog (117)
[2014.12.04-03.29.06:152][851]LogModuleManager: Shutting down and abandoning module GammaUI (116)
[2014.12.04-03.29.06:152][851]LogModuleManager: Shutting down and abandoning module Documentation (115)
[2014.12.04-03.29.06:152][851]LogModuleManager: Shutting down and abandoning module GameLiveStreaming (114)
[2014.12.04-03.29.06:152][851]LogModuleManager: Shutting down and abandoning module StreamingPauseRendering (113)
[2014.12.04-03.29.06:152][851]LogModuleManager: Shutting down and abandoning module HTTP (112)
[2014.12.04-03.29.06:152][851]LogModuleManager: Shutting down and abandoning module AnalyticsET (111)
[2014.12.04-03.29.06:152][851]LogModuleManager: Shutting down and abandoning module Analytics (110)
[2014.12.04-03.29.06:152][851]LogModuleManager: Shutting down and abandoning module AITestSuite (109)
[2014.12.04-03.29.06:152][851]LogModuleManager: Shutting down and abandoning module AIModule (108)
[2014.12.04-03.29.06:152][851]LogModuleManager: Shutting down and abandoning module ProfilerService (107)
[2014.12.04-03.29.06:258][851]LogModuleManager: Shutting down and abandoning module TaskGraph (106)
[2014.12.04-03.29.06:258][851]LogModuleManager: Shutting down and abandoning module GameplayDebugger (105)
[2014.12.04-03.29.06:258][851]LogModuleManager: Shutting down and abandoning module SlateRemote (104)
[2014.12.04-03.29.06:258][851]LogModuleManager: Shutting down and abandoning module ScriptEditorPlugin (103)
[2014.12.04-03.29.06:258][851]LogModuleManager: Shutting down and abandoning module CustomMeshComponent (102)
[2014.12.04-03.29.06:258][851]LogModuleManager: Shutting down and abandoning module CableComponent (101)
[2014.12.04-03.29.06:258][851]LogModuleManager: Shutting down and abandoning module MessagingDebugger (100)
[2014.12.04-03.29.06:258][851]LogModuleManager: Shutting down and abandoning module MediaPlayerEditor (99)
[2014.12.04-03.29.06:258][851]LogModuleManager: Shutting down and abandoning module SpeedTreeImporter (98)
[2014.12.04-03.29.06:258][851]LogModuleManager: Shutting down and abandoning module PluginsEditor (97)
[2014.12.04-03.29.06:258][851]LogModuleManager: Shutting down and abandoning module EpicSurvey (96)
[2014.12.04-03.29.06:258][851]LogModuleManager: Shutting down and abandoning module DesktopPlatform (95)
[2014.12.04-03.29.06:258][851]LogModuleManager: Shutting down and abandoning module VisualStudioSourceCodeAccess (94)
[2014.12.04-03.29.06:258][851]LogModuleManager: Shutting down and abandoning module UObjectPlugin (93)
[2014.12.04-03.29.06:258][851]LogModuleManager: Shutting down and abandoning module SubversionSourceControl (92)
[2014.12.04-03.29.06:258][851]LogModuleManager: Shutting down and abandoning module SourceControl (91)
[2014.12.04-03.29.06:258][851]LogModuleManager: Shutting down and abandoning module PerforceSourceControl (90)
[2014.12.04-03.29.06:258][851]LogModuleManager: Shutting down and abandoning module BlankPlugin (89)
[2014.12.04-03.29.06:258][851]LogModuleManager: Shutting down and abandoning module SlateReflector (88)
[2014.12.04-03.29.06:258][851]LogModuleManager: Shutting down and abandoning module DirectoryWatcher (87)
[2014.12.04-03.29.06:259][851]LogModuleManager: Shutting down and abandoning module HotReload (86)
[2014.12.04-03.29.06:259][851]LogModuleManager: Shutting down and abandoning module MainFrame (85)
[2014.12.04-03.29.06:259][851]LogModuleManager: Shutting down and abandoning module LevelEditor (84)
[2014.12.04-03.29.06:260][851]LogModuleManager: Shutting down and abandoning module ViewportSnapping (83)
[2014.12.04-03.29.06:260][851]LogModuleManager: Shutting down and abandoning module SmartSnapping (82)
[2014.12.04-03.29.06:260][851]LogModuleManager: Shutting down and abandoning module PaperTiledImporter (81)
[2014.12.04-03.29.06:260][851]LogModuleManager: Shutting down and abandoning module PaperJsonImporter (80)
[2014.12.04-03.29.06:260][851]LogModuleManager: Shutting down and abandoning module ContentBrowser (79)
[2014.12.04-03.29.06:260][851]LogModuleManager: Shutting down and abandoning module Paper2DEditor (78)
[2014.12.04-03.29.06:260][851]LogModuleManager: Shutting down and abandoning module ScriptPlugin (77)
[2014.12.04-03.29.06:260][851]LogModuleManager: Shutting down and abandoning module UdpMessaging (76)
[2014.12.04-03.29.06:361][851]LogModuleManager: Shutting down and abandoning module Paper2D (75)
[2014.12.04-03.29.06:361][851]LogModuleManager: Shutting down and abandoning module UE4Game (74)
[2014.12.04-03.29.06:361][851]LogModuleManager: Shutting down and abandoning module WindowsMoviePlayer (73)
[2014.12.04-03.29.06:364][851]LogModuleManager: Shutting down and abandoning module Media (72)
[2014.12.04-03.29.06:364][851]LogModuleManager: Shutting down and abandoning module WmfMedia (71)
[2014.12.04-03.29.06:365][851]LogModuleManager: Shutting down and abandoning module OnlineBlueprintSupport (70)
[2014.12.04-03.29.06:365][851]LogModuleManager: Shutting down and abandoning module PropertyEditor (69)
[2014.12.04-03.29.06:365][851]LogModuleManager: Shutting down and abandoning module BehaviorTreeEditor (68)
[2014.12.04-03.29.06:365][851]LogModuleManager: Shutting down and abandoning module FunctionalTesting (67)
[2014.12.04-03.29.06:365][851]LogModuleManager: Shutting down and abandoning module CollisionAnalyzer (66)
[2014.12.04-03.29.06:365][851]LogModuleManager: Shutting down and abandoning module WorkspaceMenuStructure (65)
[2014.12.04-03.29.06:365][851]LogModuleManager: Shutting down and abandoning module MessageLog (64)
[2014.12.04-03.29.06:365][851]LogModuleManager: Shutting down and abandoning module Sequencer (63)
[2014.12.04-03.29.06:365][851]LogModuleManager: Shutting down and abandoning module AssetTools (62)
[2014.12.04-03.29.06:365][851]LogModuleManager: Shutting down and abandoning module UMGEditor (61)
[2014.12.04-03.29.06:365][851]LogModuleManager: Shutting down and abandoning module UMG (60)
[2014.12.04-03.29.06:365][851]LogModuleManager: Shutting down and abandoning module Slate (59)
[2014.12.04-03.29.06:365][851]LogModuleManager: Shutting down and abandoning module EditorStyle (58)
[2014.12.04-03.29.06:371][851]LogModuleManager: Shutting down and abandoning module SessionServices (57)
[2014.12.04-03.29.06:371][851]LogModuleManager: Shutting down and abandoning module SourceCodeAccess (56)
[2014.12.04-03.29.06:371][851]LogModuleManager: Shutting down and abandoning module HeadMountedDisplay (55)
[2014.12.04-03.29.06:371][851]LogModuleManager: Shutting down and abandoning module XAudio2 (54)
[2014.12.04-03.29.06:372][851]LogModuleManager: Shutting down and abandoning module Networking (52)
[2014.12.04-03.29.06:372][851]LogModuleManager: Shutting down and abandoning module Core (51)
[2014.12.04-03.29.06:372][851]LogModuleManager: Shutting down and abandoning module KismetCompiler (50)
[2014.12.04-03.29.06:372][851]LogModuleManager: Shutting down and abandoning module PhysXFormats (49)
[2014.12.04-03.29.06:372][851]LogModuleManager: Shutting down and abandoning module MeshUtilities (48)
[2014.12.04-03.29.06:372][851]LogModuleManager: Shutting down and abandoning module DerivedDataCache (47)
[2014.12.04-03.29.06:416][851]LogDerivedDataCache: Shutdown
[2014.12.04-03.29.06:416][851]LogModuleManager: Shutting down and abandoning module ShaderFormatOpenGL (46)
[2014.12.04-03.29.06:416][851]LogModuleManager: Shutting down and abandoning module ShaderFormatD3D (45)
[2014.12.04-03.29.06:416][851]LogModuleManager: Shutting down and abandoning module MetalShaderFormat (44)
[2014.12.04-03.29.06:416][851]LogModuleManager: Shutting down and abandoning module TextureFormatUncompressed (43)
[2014.12.04-03.29.06:416][851]LogModuleManager: Shutting down and abandoning module TextureFormatPVR (42)
[2014.12.04-03.29.06:416][851]LogModuleManager: Shutting down and abandoning module TextureFormatDXT (41)
[2014.12.04-03.29.06:416][851]LogModuleManager: Shutting down and abandoning module TextureFormatAndroid (40)
[2014.12.04-03.29.06:416][851]LogModuleManager: Shutting down and abandoning module AudioFormatOpus (39)
[2014.12.04-03.29.06:416][851]LogModuleManager: Shutting down and abandoning module AudioFormatOgg (38)
[2014.12.04-03.29.06:416][851]LogModuleManager: Shutting down and abandoning module AudioFormatADPCM (37)
[2014.12.04-03.29.06:416][851]LogModuleManager: Shutting down and abandoning module LinuxTargetPlatform (36)
[2014.12.04-03.29.06:416][851]LogModuleManager: Shutting down and abandoning module LinuxServerTargetPlatform (35)
[2014.12.04-03.29.06:416][851]LogModuleManager: Shutting down and abandoning module LinuxNoEditorTargetPlatform (34)
[2014.12.04-03.29.06:416][851]LogModuleManager: Shutting down and abandoning module Messaging (33)
[2014.12.04-03.29.06:416][851]LogModuleManager: Shutting down and abandoning module IOSTargetPlatform (32)
[2014.12.04-03.29.06:416][851]LogModuleManager: Shutting down and abandoning module Android_PVRTCTargetPlatform (31)
[2014.12.04-03.29.06:416][851]LogModuleManager: Shutting down and abandoning module Android_ETC2TargetPlatform (30)
[2014.12.04-03.29.06:416][851]LogModuleManager: Shutting down and abandoning module Android_ETC1TargetPlatform (29)
[2014.12.04-03.29.06:416][851]LogModuleManager: Shutting down and abandoning module Android_DXTTargetPlatform (28)
[2014.12.04-03.29.06:416][851]LogModuleManager: Shutting down and abandoning module Android_ATCTargetPlatform (27)
[2014.12.04-03.29.06:416][851]LogModuleManager: Shutting down and abandoning module AndroidTargetPlatform (26)
[2014.12.04-03.29.06:416][851]LogModuleManager: Shutting down and abandoning module WindowsTargetPlatform (25)
[2014.12.04-03.29.06:416][851]LogModuleManager: Shutting down and abandoning module WindowsServerTargetPlatform (24)
[2014.12.04-03.29.06:416][851]LogModuleManager: Shutting down and abandoning module WindowsNoEditorTargetPlatform (23)
[2014.12.04-03.29.06:416][851]LogModuleManager: Shutting down and abandoning module WindowsClientTargetPlatform (22)
[2014.12.04-03.29.06:416][851]LogModuleManager: Shutting down and abandoning module TargetPlatform (21)
[2014.12.04-03.29.06:416][851]LogModuleManager: Shutting down and abandoning module InputCore (20)
[2014.12.04-03.29.06:416][851]LogModuleManager: Shutting down and abandoning module Settings (19)
[2014.12.04-03.29.06:416][851]LogModuleManager: Shutting down and abandoning module ImageWrapper (18)
[2014.12.04-03.29.06:416][851]LogModuleManager: Shutting down and abandoning module OculusRift (15)
[2014.12.04-03.29.06:416][851]LogModuleManager: Shutting down and abandoning module ExampleDeviceProfileSelector (14)
[2014.12.04-03.29.06:416][851]LogModuleManager: Shutting down and abandoning module TextureCompressor (13)
[2014.12.04-03.29.06:417][851]LogModuleManager: Shutting down and abandoning module ShaderCore (12)
[2014.12.04-03.29.06:417][851]LogModuleManager: Shutting down and abandoning module Landscape (11)
[2014.12.04-03.29.06:417][851]LogModuleManager: Shutting down and abandoning module SlateRHIRenderer (10)
[2014.12.04-03.29.06:418][851]LogModuleManager: Shutting down and abandoning module OpenGLDrv (9)
[2014.12.04-03.29.06:418][851]LogModuleManager: Shutting down and abandoning module D3D11RHI (8)
[2014.12.04-03.29.06:418][851]LogModuleManager: Shutting down and abandoning module Renderer (7)
[2014.12.04-03.29.06:419][851]LogModuleManager: Shutting down and abandoning module Engine (6)
[2014.12.04-03.29.06:419][851]LogModuleManager: Shutting down and abandoning module CoreUObject (5)
[2014.12.04-03.29.06:419][851]LogModuleManager: Shutting down and abandoning module NetworkFile (4)
[2014.12.04-03.29.06:419][851]LogModuleManager: Shutting down and abandoning module StreamingFile (3)
[2014.12.04-03.29.06:419][851]LogModuleManager: Shutting down and abandoning module SandboxFile (2)
[2014.12.04-03.29.06:419][851]LogModuleManager: Shutting down and abandoning module PakFile (1)
[2014.12.04-03.29.06:420][851]LogExit: Exiting.
[2014.12.04-03.29.06:427][851]Log file closed, 12/03/14 22:29:06
