Log file open, 12/03/14 23:38:24
LogInit:Display: Running engine for game: Prototype
LogModuleManager:Warning: Found module file ../../../Engine/Plugins/Developer/UE4GitPlugin/Binaries/Win64/UE4Editor-GitSourceControl.dll (API version 2326478), but it was incompatible with the current engine API version (2369412). This is likely a stale module that must be recompiled.
LogInit:Warning: Incompatible or missing module: UE4Editor-GitSourceControl.dll
Running C:/Program Files/Epic Games/4.6/Engine/Binaries/DotNET/UnrealBuildTool.exe Prototype Development Win64 -project="C:/Users/Esther/Desktop/PrototypeTEST/Prototype/Prototype.uproject" -rocket -editorrecompile -progress
ERROR: Couldn't find target rules file for target 'Prototype' in rules assembly 'Prototype_EditorRecompileModuleRules, Version=0.0.0.0, Culture=neutral, PublicKeyToken=null'.
Location: C:\Users\Esther\Desktop\PrototypeTEST\Prototype\Intermediate\Build\BuildRules\Prototype_EditorRecompileModuleRules.dll
Target rules found:
	UE4Game - C:\Program Files\Epic Games\4.6\Engine\Source\UE4Game.Target.cs

LogExit: Preparing to exit.
LogModuleManager: Shutting down and abandoning module DesktopPlatform (14)
LogModuleManager: Shutting down and abandoning module TextureCompressor (13)
LogModuleManager: Shutting down and abandoning module ShaderCore (12)
LogModuleManager: Shutting down and abandoning module Landscape (11)
LogModuleManager: Shutting down and abandoning module SlateRHIRenderer (10)
LogModuleManager: Shutting down and abandoning module OpenGLDrv (9)
LogModuleManager: Shutting down and abandoning module D3D11RHI (8)
LogModuleManager: Shutting down and abandoning module Renderer (7)
LogModuleManager: Shutting down and abandoning module Engine (6)
LogModuleManager: Shutting down and abandoning module CoreUObject (5)
LogModuleManager: Shutting down and abandoning module NetworkFile (4)
LogModuleManager: Shutting down and abandoning module StreamingFile (3)
LogModuleManager: Shutting down and abandoning module SandboxFile (2)
LogModuleManager: Shutting down and abandoning module PakFile (1)
LogExit: Exiting.
Log file closed, 12/03/14 23:38:33
