Log file open, 12/03/14 22:16:06
LogInit:Display: Running engine for game: Prototype
LogInit: Version: 4.6.0-2369412+++depot+UE4-Releases+4.6
LogInit: API Version: 2369412
LogInit: Compiled (64-bit): Nov 24 2014 21:54:04
LogInit: Compiled with Visual C++: 18.00.21005.01
LogInit: Build Configuration: Development
LogInit: Branch Name: ++depot+UE4-Releases+4.6
LogInit: Command line:  
LogInit: Base directory: C:/Program Files/Epic Games/4.6/Engine/Binaries/Win64/
LogInit: Rocket: 1
[2014.12.04-03.16.06:106][  0]LogTaskGraph: Started task graph with 3 named threads and 6 total threads.
[2014.12.04-03.16.06:157][  0]LogOnline:Warning: No default platform service specified for OnlineSubsystem
[2014.12.04-03.16.06:173][  0]LogInit: Presizing for 0 objects not considered by GC, pre-allocating 0 bytes.
[2014.12.04-03.16.06:181][  0]LogInit: Object subsystem initialized
[2014.12.04-03.16.06:183][  0]LogConsoleResponse:Warning: Skipping Unknown console variable: 'UIScaleRule = ShortestSide'
[2014.12.04-03.16.06:183][  0]LogConsoleResponse:Warning:   Found in ini file 'C:/Users/Esther/Desktop/PrototypeTEST/Prototype/Saved/Config/Windows/Engine.ini', in section '[/Script/Engine.RendererSettings]'
[2014.12.04-03.16.06:183][  0]LogConsoleResponse:Warning: Skipping Unknown console variable: 'UIScaleCurve = (EditorCurveData=(Keys=),ExternalCurve=None)'
[2014.12.04-03.16.06:183][  0]LogConsoleResponse:Warning:   Found in ini file 'C:/Users/Esther/Desktop/PrototypeTEST/Prototype/Saved/Config/Windows/Engine.ini', in section '[/Script/Engine.RendererSettings]'
[2014.12.04-03.16.06:183][  0]LogConsoleManager:Warning: Console variable 'r.MSAA.CompositingSampleCount' wasn't set (Priority ProjectSetting < Scalability)
[2014.12.04-03.16.06:183][  0]LogInit: Selected Device Profile: [Windows]
[2014.12.04-03.16.06:183][  0]LogInit: Applying CVar settings loaded from the selected device profile: [Windows]
[2014.12.04-03.16.06:187][  0]LogInit: Computer: ARCHER
[2014.12.04-03.16.06:187][  0]LogInit: User: Esther
[2014.12.04-03.16.06:187][  0]LogInit: CPU Page size=4096, Cores=4
[2014.12.04-03.16.06:187][  0]LogInit: High frequency timer resolution =3.410220 MHz
[2014.12.04-03.16.06:187][  0]LogMemory: Memory total: Physical=15.9GB (16GB approx) Virtual=131072.0GB
[2014.12.04-03.16.06:187][  0]LogMemory: Platform Memory Stats for Windows
[2014.12.04-03.16.06:187][  0]LogMemory: Process Physical Memory: 49.15 MB used, 49.15 MB peak
[2014.12.04-03.16.06:187][  0]LogMemory: Process Virtual Memory: 25.12 MB used, 25.12 MB peak
[2014.12.04-03.16.06:187][  0]LogMemory: Physical Memory: 4286.09 MB used, 16330.93 MB total
[2014.12.04-03.16.06:187][  0]LogMemory: Virtual Memory: 275.15 MB used, 134217728.00 MB total
[2014.12.04-03.16.06:211][  0]LogD3D11RHI: Found D3D11 adapter 0: NVIDIA GeForce GTX 660   (Feature Level 11_0)
[2014.12.04-03.16.06:211][  0]LogD3D11RHI: Adapter has 1989MB of dedicated video memory, 0MB of dedicated system memory, and 2048MB of shared system memory, 1 output[s]
[2014.12.04-03.16.06:212][  0]LogD3D11RHI: Found D3D11 adapter 1: Microsoft Basic Render Driver (Feature Level 11_0)
[2014.12.04-03.16.06:212][  0]LogD3D11RHI: Adapter has 0MB of dedicated video memory, 0MB of dedicated system memory, and 256MB of shared system memory, 0 output[s]
[2014.12.04-03.16.06:212][  0]LogD3D11RHI: Chosen D3D11 Adapter Id = 0
[2014.12.04-03.16.06:215][  0]LogRHI: Texture pool is 1361 MB (70% of 1945 MB)
[2014.12.04-03.16.06:224][  0]LogD3D11RHI: Async texture creation enabled
[2014.12.04-03.16.06:282][  0]LogTextLocalizationManager: The requested culture ('en_US') has no localization data; parent culture's ('en') localization data will be used.
[2014.12.04-03.16.06:403][  0]LogContentStreaming: Texture pool size is 0.000000MB
[2014.12.04-03.16.11:519][  0]LogTargetPlatformManager:Display: Building Assets For Windows
[2014.12.04-03.16.11:899][  0]LogTargetPlatformManager:Display: Building Assets For Windows
[2014.12.04-03.16.11:944][  0]LogDerivedDataCache:Display: Max Cache Size: 512 MB
[2014.12.04-03.16.11:987][  0]LogDerivedDataCache: Loaded boot cache 0.04s 39MB C:/Users/Esther/AppData/Local/UnrealEngine/4.6/DerivedDataCache/Boot.ddc.
[2014.12.04-03.16.11:987][  0]LogDerivedDataCache:Display: Loaded Boot cache: C:/Users/Esther/AppData/Local/UnrealEngine/4.6/DerivedDataCache/Boot.ddc
[2014.12.04-03.16.11:987][  0]LogDerivedDataCache: FDerivedDataBackendGraph:  Pak pak cache file ../../../../../../Users/Esther/Desktop/PrototypeTEST/Prototype/DerivedDataCache/DDC.ddp not found, will not use a pak cache.
[2014.12.04-03.16.11:987][  0]LogDerivedDataCache: Unable to find inner node Pak for hierarchical cache Hierarchy.
[2014.12.04-03.16.12:050][  0]LogDerivedDataCache:Display: Pak cache opened for reading ../../../Engine/DerivedDataCache/DDC.ddp.
[2014.12.04-03.16.12:062][  0]LogDerivedDataCache: Using Local data cache path C:/Users/Esther/AppData/Local/UnrealEngine/Common/DerivedDataCache: Writable
[2014.12.04-03.16.12:185][  0]LogCollisionProfile:Warning: Profile (UI) - Custom Channel Name = 'Weapon' hasn't been found
[2014.12.04-03.16.12:313][  0]LogMeshUtilities: No automatic mesh reduction module available
[2014.12.04-03.16.12:313][  0]LogMeshUtilities: No automatic mesh merging module available
[2014.12.04-03.16.12:659][  0]LogInit: WinSock: version 1.1 (2.2), MaxSocks=32767, MaxUdp=65467
[2014.12.04-03.16.12:737][  0]LogSlate:Warning: Failed to load font data from '../../../Engine/Content/Slate/Fonts/Roboto-Italic.ttf'
[2014.12.04-03.16.23:585][  0]UdpMessaging: Initializing bridge on interface 0.0.0.0:0 to multicast group 230.0.0.1:6666.
[2014.12.04-03.16.23:749][  0]LogDirectoryWatcher:Warning: Failed to begin reading directory changes for C:/Users/Esther/Desktop/PrototypeTEST/Prototype/Binaries/Win64. Error: 0
[2014.12.04-03.16.23:871][  0]SourceControl: Info Source control is disabled
[2014.12.04-03.16.23:871][  0]SourceControl: Info Source control is disabled
[2014.12.04-03.16.23:877][  0]SourceControl: Info Source control is disabled
[2014.12.04-03.16.23:992][  0]LogObj: 23754 objects as part of root set at end of initial load.
[2014.12.04-03.16.23:992][  0]LogUObjectAllocator: 5168128 out of 0 bytes used by permanent object pool.
[2014.12.04-03.16.24:041][  0]LogEngine: Initializing Engine...
[2014.12.04-03.16.24:169][  0]LogInit: XAudio2 using '32LD400-4 (NVIDIA High Definition Audio)' : 2 channels at 48 kHz using 16 bits per sample (channel mask 0x3)
[2014.12.04-03.16.24:178][  0]LogInit: FAudioDevice initialized.
[2014.12.04-03.16.24:194][  0]LogAIModule: Creating AISystem for world NewWorld
[2014.12.04-03.16.24:216][  0]LogDerivedDataCache: Saved boot cache 0.02s 39MB C:/Users/Esther/AppData/Local/UnrealEngine/4.6/DerivedDataCache/Boot.ddc.
[2014.12.04-03.16.24:221][  0]LogInit: Texture streaming: Enabled
[2014.12.04-03.16.24:242][  0]LogAnalytics: Creating configured Analytics provider AnalyticsET
[2014.12.04-03.16.24:242][  0]LogAnalytics: ET APIKey = Rocket.Release. APIServer = http://et2.epicgames.com/ET2/. AppVersion = 4.6.0-2369412+++depot+UE4-Releases+4.6
[2014.12.04-03.16.24:243][  0]LogAnalytics: SetUserId 70beb0383841c0a2e9ed774eed08f711
[2014.12.04-03.16.24:243][  0]LogAnalytics: AnalyticsET::StartSession [Rocket.Release]
[2014.12.04-03.16.24:263][  0]LogInit: Transaction tracking system initialized
[2014.12.04-03.16.24:337][  0]BlueprintLog: New page: Editor Load
[2014.12.04-03.16.24:363][  0]LogAssetRegistry: FAssetRegistry took 0.0111 seconds to start up
[2014.12.04-03.16.24:363][  0]LogDirectoryWatcher:Warning: Failed to begin reading directory changes for ../../../Engine/Plugins/Experimental/CharacterAI/Content/. Error: 0
[2014.12.04-03.16.24:775][  0]LogTargetPlatformManager:Display: Building Assets For Windows
[2014.12.04-03.16.25:091][  0]LogTargetPlatformManager:Display: Building Assets For Windows
[2014.12.04-03.16.25:237][  0]LogConsoleResponse:Display: 
[2014.12.04-03.16.25:277][  0]LogLinker:Warning: Asset '../../../Engine/Content/Functions/Engine_MaterialFunctions03/Procedurals/ComputeFilterWidth.uasset' has been saved with empty engine version. The asset will be loaded but may be incompatible.
[2014.12.04-03.16.25:639][  0]SourceControl: Info Source control is disabled
[2014.12.04-03.16.25:639][  0]Cmd: MAP LOAD FILE="../../../../../../Users/Esther/Desktop/PrototypeTEST/Prototype/Content/Maps/Example_Map.umap" TEMPLATE=0 SHOWPROGRESS=1
[2014.12.04-03.16.25:639][  0]LightingResults: New page: Lighting Build
[2014.12.04-03.16.25:647][  0]MapCheck: New page: Map Check
[2014.12.04-03.16.25:647][  0]LightingResults: New page: Lighting Build
[2014.12.04-03.16.25:654][  0]LogParticles: Destroying 0 GPU particle simulations for FXSystem 0x0000004D552C5940
[2014.12.04-03.16.25:995][  0]LogEditorServer: Finished looking for orphan Actors (0.000 secs)
[2014.12.04-03.16.25:995][  0]LogAIModule: Creating AISystem for world Example_Map
[2014.12.04-03.16.25:995][  0]Cmd: MAP CHECKDEP
[2014.12.04-03.16.25:995][  0]MapCheck: New page: Example_Map - Dec 3, 2014, 5:16:25 PM
[2014.12.04-03.16.26:066][  0]MapCheck: Info Map check complete: 0 Error(s), 0 Warning(s), took 70.421ms to complete.
[2014.12.04-03.16.26:066][  0]LogFileHelpers: Loading map 'Example_Map' took 0.427
[2014.12.04-03.16.26:136][  0]LogCollectionManager: Loaded 0 collections in 0.000832 seconds
[2014.12.04-03.16.26:217][  0]LogCrashTracker: Crashtracker disabled due to settings.
[2014.12.04-03.16.26:223][  0]LogUObjectGlobals:Warning: Failed to find object 'Class None.'
[2014.12.04-03.16.26:249][  0]LogLoad: Full Startup: 21.97 seconds (BP compile: 0.06 seconds)
[2014.12.04-03.16.26:587][  0]LogContentBrowser:Verbose: The content browser source was changed by the sources view to '/Game/Blueprints'
[2014.12.04-03.16.26:734][  0]LogRenderer:Warning: Reallocating scene render targets to support 1136x904.
[2014.12.04-03.16.26:923][  2]LogAssetRegistry: Asset discovery search completed in 2.5725 seconds
[2014.12.04-03.16.40:649][211]LogPlayLevel: PIE:  No blueprints needed recompiling
[2014.12.04-03.16.40:649][211]PIE: New page: PIE session: Example_Map (Dec 3, 2014, 5:16:40 PM)
[2014.12.04-03.16.40:671][211]LogPlayLevel: PIE: StaticDuplicateObject took: (0.021891s)
[2014.12.04-03.16.40:672][211]LogPlayLevel: PIE: World Init took: (0.001081s)
[2014.12.04-03.16.40:672][211]LogPlayLevel: PIE: Created PIE world by copying editor world from /Game/Maps/Example_Map.Example_Map to /Game/Maps/UEDPIE_0_Example_Map.Example_Map (0.023367s)
[2014.12.04-03.16.40:826][211]LogLinker:Warning: Asset '../../../../../../Users/Esther/Desktop/PrototypeTEST/Prototype/Content/Blueprints/MyProjectile.uasset' has been saved with empty engine version. The asset will be loaded but may be incompatible.
[2014.12.04-03.16.40:980][211]LogAnimation:Warning: UAnimMontage::PostLoad: The actual sequence length for montage FPP_Fire_Montage does not match the length stored in the asset, please resave the montage asset.
[2014.12.04-03.16.40:987][211]BlueprintLog:Warning: Warning Blueprint MyHUD has been migrated and requires re-saving to avoid import errors
[2014.12.04-03.16.40:988][211]BlueprintLog:Warning: Warning Blueprint MyGame has been migrated and requires re-saving to avoid import errors
[2014.12.04-03.16.40:991][211]LogWorld: Game class is 'MyGame_C'
[2014.12.04-03.16.40:992][211]LogAIModule: Creating AISystem for world Example_Map
[2014.12.04-03.16.40:994][211]LogWorld: Bringing World /Game/Maps/UEDPIE_0_Example_Map.Example_Map up for play (max tick rate 0) at 2014.12.03-22.16.40
[2014.12.04-03.16.40:994][211]LogWorld: Bringing up level for play took: 0.001714
[2014.12.04-03.16.40:996][211]PIE: Info Play in editor start time for /Game/Maps/UEDPIE_0_Example_Map -0.168
[2014.12.04-03.16.48:686][ 97]LogActorComponent: UnregisterComponent: (/Engine/Transient.CharacterMovementComponent_0) Not registered. Aborting.
[2014.12.04-03.16.48:686][ 97]LogActorComponent: UnregisterComponent: (/Engine/Transient.ProjectileMovementComponent_0) Not registered. Aborting.
[2014.12.04-03.16.48:700][ 97]LogParticles: Destroying 0 GPU particle simulations for FXSystem 0x0000004D513D2E80
[2014.12.04-03.16.51:157][325]LogEditorViewport: Clicking on Actor (LMB): Humperdink_C (Humperdink)
[2014.12.04-03.16.53:912][577]LogEditorViewport: Clicking on Actor (context menu): Humperdink_C (Humperdink)
[2014.12.04-03.17.11:521][686]BlueprintLog: New page: Pre-PIE auto-recompile
[2014.12.04-03.17.11:524][686]LogPlayLevel: [PIE] Compiling Tutorial_BP_MacroLib before PIE...
[2014.12.04-03.17.11:571][686]LogParticles: Destroying 0 GPU particle simulations for FXSystem 0x0000004D5CA3B9C0
[2014.12.04-03.17.11:572][686]LogPlayLevel: PIE:  Blueprint regeneration took 50 ms (1 blueprints)
[2014.12.04-03.17.11:572][686]PIE: New page: PIE session: Example_Map (Dec 3, 2014, 5:17:11 PM)
[2014.12.04-03.17.11:595][686]LogPlayLevel: PIE: StaticDuplicateObject took: (0.021995s)
[2014.12.04-03.17.11:597][686]LogPlayLevel: PIE: World Init took: (0.001269s)
[2014.12.04-03.17.11:597][686]LogPlayLevel: PIE: Created PIE world by copying editor world from /Game/Maps/Example_Map.Example_Map to /Game/Maps/UEDPIE_0_Example_Map.Example_Map (0.023542s)
[2014.12.04-03.17.11:644][686]LogWorld: Game class is 'MyGame_C'
[2014.12.04-03.17.11:645][686]LogAIModule: Creating AISystem for world Example_Map
[2014.12.04-03.17.11:647][686]LogWorld: Bringing World /Game/Maps/UEDPIE_0_Example_Map.Example_Map up for play (max tick rate 0) at 2014.12.03-22.17.11
[2014.12.04-03.17.11:647][686]LogWorld: Bringing up level for play took: 0.001660
[2014.12.04-03.17.11:648][686]PIE: Info Play in editor start time for /Game/Maps/UEDPIE_0_Example_Map 0.484
[2014.12.04-03.17.15:703][134]LogParticles: Destroying 0 GPU particle simulations for FXSystem 0x0000004D571934C0
[2014.12.04-03.17.16:423][201]LogEditorViewport: Clicking on Actor (LMB): Humperdink2_C (Humperdink2)
[2014.12.04-03.17.17:486][300]Cmd: DELETE
[2014.12.04-03.17.17:486][300]Cmd: ACTOR DELETE
[2014.12.04-03.17.17:487][300]LogEditorActor: Deleted Actor: Humperdink2_C
[2014.12.04-03.17.17:502][300]LogEditorActor: Deleted 1 Actors (0.015 secs)
[2014.12.04-03.17.18:742][430]LogPlayLevel: PIE:  No blueprints needed recompiling
[2014.12.04-03.17.18:742][430]PIE: New page: PIE session: Example_Map (Dec 3, 2014, 5:17:18 PM)
[2014.12.04-03.17.18:765][430]LogPlayLevel: PIE: StaticDuplicateObject took: (0.021821s)
[2014.12.04-03.17.18:766][430]LogPlayLevel: PIE: World Init took: (0.001248s)
[2014.12.04-03.17.18:766][430]LogPlayLevel: PIE: Created PIE world by copying editor world from /Game/Maps/Example_Map.Example_Map to /Game/Maps/UEDPIE_0_Example_Map.Example_Map (0.023364s)
[2014.12.04-03.17.18:806][430]LogWorld: Game class is 'MyGame_C'
[2014.12.04-03.17.18:808][430]LogAIModule: Creating AISystem for world Example_Map
[2014.12.04-03.17.18:809][430]LogWorld: Bringing World /Game/Maps/UEDPIE_0_Example_Map.Example_Map up for play (max tick rate 0) at 2014.12.03-22.17.18
[2014.12.04-03.17.18:810][430]LogWorld: Bringing up level for play took: 0.001610
[2014.12.04-03.17.18:811][430]PIE: Info Play in editor start time for /Game/Maps/UEDPIE_0_Example_Map -0.353
[2014.12.04-03.17.22:775][885]LogParticles: Destroying 0 GPU particle simulations for FXSystem 0x0000004D56052520
[2014.12.04-03.17.23:752][986]LogPlayLevel: PIE:  No blueprints needed recompiling
[2014.12.04-03.17.23:752][986]PIE: New page: PIE session: Example_Map (Dec 3, 2014, 5:17:23 PM)
[2014.12.04-03.17.23:774][986]LogPlayLevel: PIE: StaticDuplicateObject took: (0.022195s)
[2014.12.04-03.17.23:775][986]LogPlayLevel: PIE: World Init took: (0.001107s)
[2014.12.04-03.17.23:776][986]LogPlayLevel: PIE: Created PIE world by copying editor world from /Game/Maps/Example_Map.Example_Map to /Game/Maps/UEDPIE_0_Example_Map.Example_Map (0.023593s)
[2014.12.04-03.17.23:816][986]LogWorld: Game class is 'MyGame_C'
[2014.12.04-03.17.23:817][986]LogAIModule: Creating AISystem for world Example_Map
[2014.12.04-03.17.23:819][986]LogWorld: Bringing World /Game/Maps/UEDPIE_0_Example_Map.Example_Map up for play (max tick rate 0) at 2014.12.03-22.17.23
[2014.12.04-03.17.23:819][986]LogWorld: Bringing up level for play took: 0.001573
[2014.12.04-03.17.23:820][986]PIE: Info Play in editor start time for /Game/Maps/UEDPIE_0_Example_Map 0.657
[2014.12.04-03.17.25:305][146]LogParticles: Destroying 0 GPU particle simulations for FXSystem 0x0000004D55EA1DA0
[2014.12.04-03.17.27:554][339]LogPlayLevel: PIE:  No blueprints needed recompiling
[2014.12.04-03.17.27:555][339]PIE: New page: PIE session: Example_Map (Dec 3, 2014, 5:17:27 PM)
[2014.12.04-03.17.27:575][339]LogPlayLevel: PIE: StaticDuplicateObject took: (0.019857s)
[2014.12.04-03.17.27:576][339]LogPlayLevel: PIE: World Init took: (0.001078s)
[2014.12.04-03.17.27:576][339]LogPlayLevel: PIE: Created PIE world by copying editor world from /Game/Maps/Example_Map.Example_Map to /Game/Maps/UEDPIE_0_Example_Map.Example_Map (0.021206s)
[2014.12.04-03.17.27:618][339]LogWorld: Game class is 'MyGame_C'
[2014.12.04-03.17.27:620][339]LogAIModule: Creating AISystem for world Example_Map
[2014.12.04-03.17.27:622][339]LogWorld: Bringing World /Game/Maps/UEDPIE_0_Example_Map.Example_Map up for play (max tick rate 0) at 2014.12.03-22.17.27
[2014.12.04-03.17.27:622][339]LogWorld: Bringing up level for play took: 0.001735
[2014.12.04-03.17.27:623][339]PIE: Info Play in editor start time for /Game/Maps/UEDPIE_0_Example_Map 0.459
[2014.12.04-03.17.36:733][380]LogActorComponent: UnregisterComponent: (/Engine/Transient.CharacterMovementComponent_1) Not registered. Aborting.
[2014.12.04-03.17.36:733][380]LogActorComponent: UnregisterComponent: (/Engine/Transient.ProjectileMovementComponent_1) Not registered. Aborting.
[2014.12.04-03.17.36:748][380]LogParticles: Destroying 0 GPU particle simulations for FXSystem 0x0000004D4E6D6200
[2014.12.04-03.17.38:033][503]Cmd: DELETE
[2014.12.04-03.17.38:033][503]Cmd: ACTOR DELETE
[2014.12.04-03.17.38:033][503]LogEditorActor: Deleted Actor: Humperdink_C
[2014.12.04-03.17.38:048][503]LogEditorActor: Deleted 1 Actors (0.015 secs)
[2014.12.04-03.17.44:732][ 83]LogEditorViewport: Clicking on Actor (context menu): StaticMeshActor (Cube03)
[2014.12.04-03.17.44:741][ 83]LogPropertyNode:Warning: UI Min (0.001) >= UI Max () for Ranged Numeric
[2014.12.04-03.17.45:815][182]LogPlayLevel: PIE:  No blueprints needed recompiling
[2014.12.04-03.17.45:816][182]PIE: New page: PIE session: Example_Map (Dec 3, 2014, 5:17:45 PM)
[2014.12.04-03.17.45:836][182]LogPlayLevel: PIE: StaticDuplicateObject took: (0.020269s)
[2014.12.04-03.17.45:838][182]LogPlayLevel: PIE: World Init took: (0.001461s)
[2014.12.04-03.17.45:838][182]LogPlayLevel: PIE: Created PIE world by copying editor world from /Game/Maps/Example_Map.Example_Map to /Game/Maps/UEDPIE_0_Example_Map.Example_Map (0.021994s)
[2014.12.04-03.17.45:881][182]LogWorld: Game class is 'MyGame_C'
[2014.12.04-03.17.45:883][182]LogAIModule: Creating AISystem for world Example_Map
[2014.12.04-03.17.45:885][182]LogWorld: Bringing World /Game/Maps/UEDPIE_0_Example_Map.Example_Map up for play (max tick rate 0) at 2014.12.03-22.17.45
[2014.12.04-03.17.45:885][182]LogWorld: Bringing up level for play took: 0.001668
[2014.12.04-03.17.45:886][182]PIE: Info Play in editor start time for /Game/Maps/UEDPIE_0_Example_Map 0.722
[2014.12.04-03.17.53:262][ 31]LogPropertyNode:Warning: UI Min (0.001) >= UI Max () for Ranged Numeric
[2014.12.04-03.17.53:276][ 31]LogActorComponent: UnregisterComponent: (/Engine/Transient.CharacterMovementComponent_2) Not registered. Aborting.
[2014.12.04-03.17.53:276][ 31]LogActorComponent: UnregisterComponent: (/Engine/Transient.ProjectileMovementComponent_2) Not registered. Aborting.
[2014.12.04-03.17.53:290][ 31]LogParticles: Destroying 0 GPU particle simulations for FXSystem 0x0000004D4E6D5760
[2014.12.04-03.17.54:229][116]LogEditorViewport: Clicking on Actor (LMB): Humperdink_C (Humperdink2)
[2014.12.04-03.17.54:558][144]Cmd: DELETE
[2014.12.04-03.17.54:558][144]Cmd: ACTOR DELETE
[2014.12.04-03.17.54:559][144]LogEditorActor: Deleted Actor: Humperdink_C
[2014.12.04-03.17.54:574][144]LogEditorActor: Deleted 1 Actors (0.015 secs)
[2014.12.04-03.17.55:046][194]LogEditorViewport: Clicking on Actor (LMB): Humperdink_C (Humperdink)
[2014.12.04-03.18.00:803][696]LogPlayLevel: PIE:  No blueprints needed recompiling
[2014.12.04-03.18.00:803][696]PIE: New page: PIE session: Example_Map (Dec 3, 2014, 5:18:00 PM)
[2014.12.04-03.18.00:824][696]LogPlayLevel: PIE: StaticDuplicateObject took: (0.020989s)
[2014.12.04-03.18.00:825][696]LogPlayLevel: PIE: World Init took: (0.001013s)
[2014.12.04-03.18.00:826][696]LogPlayLevel: PIE: Created PIE world by copying editor world from /Game/Maps/Example_Map.Example_Map to /Game/Maps/UEDPIE_0_Example_Map.Example_Map (0.022301s)
[2014.12.04-03.18.00:874][696]LogWorld: Game class is 'MyGame_C'
[2014.12.04-03.18.00:875][696]LogAIModule: Creating AISystem for world Example_Map
[2014.12.04-03.18.00:877][696]LogWorld: Bringing World /Game/Maps/UEDPIE_0_Example_Map.Example_Map up for play (max tick rate 0) at 2014.12.03-22.18.00
[2014.12.04-03.18.00:877][696]LogWorld: Bringing up level for play took: 0.001923
[2014.12.04-03.18.00:879][696]PIE: Info Play in editor start time for /Game/Maps/UEDPIE_0_Example_Map -0.285
[2014.12.04-03.18.07:040][363]LogActorComponent: UnregisterComponent: (/Engine/Transient.CharacterMovementComponent_3) Not registered. Aborting.
[2014.12.04-03.18.07:040][363]LogActorComponent: UnregisterComponent: (/Engine/Transient.ProjectileMovementComponent_3) Not registered. Aborting.
[2014.12.04-03.18.07:057][363]LogParticles: Destroying 0 GPU particle simulations for FXSystem 0x0000004D61824C20
[2014.12.04-03.18.09:446][558]Cmd: DELETE
[2014.12.04-03.18.09:446][558]Cmd: ACTOR DELETE
[2014.12.04-03.18.09:447][558]LogEditorActor: Deleted Actor: Humperdink2_C
[2014.12.04-03.18.09:461][558]LogEditorActor: Deleted 1 Actors (0.015 secs)
[2014.12.04-03.18.11:901][802]Cmd: OBJ SAVEPACKAGE PACKAGE="/Game/Maps/Example_Map" FILE="../../../../../../Users/Esther/Desktop/PrototypeTEST/Prototype/Content/Maps/Example_Map.umap" SILENT=true AUTOSAVING=false KEEPDIRTY=false
[2014.12.04-03.18.12:034][802]LogSavePackage: Save=89.056717ms
[2014.12.04-03.18.12:034][802]LogSavePackage: Moving '../../../../../../Users/Esther/Desktop/PrototypeTEST/Prototype/Saved/Example_MapAF68BA2F4F057F537F9C2FAC7C8F0E45.tmp' to '../../../../../../Users/Esther/Desktop/PrototypeTEST/Prototype/Content/Maps/Example_Map.umap'
[2014.12.04-03.18.12:052][802]LogFileHelpers: Saving map 'Example_Map' took 0.232
[2014.12.04-03.18.20:341][579]LogActorComponent: UnregisterComponent: (/Engine/Transient.CharacterMovementComponent_4) Not registered. Aborting.
[2014.12.04-03.18.20:341][579]LogActorComponent: UnregisterComponent: (/Engine/Transient.ProjectileMovementComponent_4) Not registered. Aborting.
[2014.12.04-03.18.20:918][580]Cmd: QUIT_EDITOR
[2014.12.04-03.18.21:235][580]LogExit: Preparing to exit.
[2014.12.04-03.18.21:734][580]LogExit: Editor shut down
[2014.12.04-03.18.21:734][580]LogExit: Transaction tracking system shut down
[2014.12.04-03.18.21:735][580]LogParticles: Destroying 0 GPU particle simulations for FXSystem 0x0000004D4F457420
[2014.12.04-03.18.21:735][580]LogParticles: Destroying 0 GPU particle simulations for FXSystem 0x0000004D50B365C0
[2014.12.04-03.18.21:737][580]LogParticles: Destroying 0 GPU particle simulations for FXSystem 0x0000004D68BE3240
[2014.12.04-03.18.21:778][580]LogParticles: Destroying 0 GPU particle simulations for FXSystem 0x0000004D68BE1EE0
[2014.12.04-03.18.21:778][580]LogExit: Object subsystem successfully closed.
[2014.12.04-03.18.21:836][580]LogModuleManager: Shutting down and abandoning module AndroidDeviceDetection (172)
[2014.12.04-03.18.21:836][580]LogModuleManager: Shutting down and abandoning module CrashTracker (171)
[2014.12.04-03.18.21:836][580]LogModuleManager: Shutting down and abandoning module SuperSearch (170)
[2014.12.04-03.18.21:836][580]LogModuleManager: Shutting down and abandoning module SceneOutliner (169)
[2014.12.04-03.18.21:836][580]LogModuleManager: Shutting down and abandoning module EditorWidgets (168)
[2014.12.04-03.18.21:836][580]LogModuleManager: Shutting down and abandoning module CollectionManager (167)
[2014.12.04-03.18.21:836][580]LogModuleManager: Shutting down and abandoning module StatsViewer (166)
[2014.12.04-03.18.21:836][580]LogModuleManager: Shutting down and abandoning module FoliageEdit (165)
[2014.12.04-03.18.21:836][580]LogModuleManager: Shutting down and abandoning module LandscapeEditor (164)
[2014.12.04-03.18.21:836][580]LogModuleManager: Shutting down and abandoning module MeshPaint (163)
[2014.12.04-03.18.21:836][580]LogModuleManager: Shutting down and abandoning module ActorPickerMode (162)
[2014.12.04-03.18.21:836][580]LogModuleManager: Shutting down and abandoning module GeometryMode (161)
[2014.12.04-03.18.21:836][580]LogModuleManager: Shutting down and abandoning module TextureAlignMode (160)
[2014.12.04-03.18.21:836][580]LogModuleManager: Shutting down and abandoning module BspMode (159)
[2014.12.04-03.18.21:836][580]LogModuleManager: Shutting down and abandoning module PlacementMode (158)
[2014.12.04-03.18.21:836][580]LogModuleManager: Shutting down and abandoning module AutomationWorker (157)
[2014.12.04-03.18.21:836][580]LogModuleManager: Shutting down and abandoning module CharacterAI (156)
[2014.12.04-03.18.21:836][580]LogModuleManager: Shutting down and abandoning module GameProjectGeneration (155)
[2014.12.04-03.18.21:836][580]LogModuleManager: Shutting down and abandoning module IntroTutorials (154)
[2014.12.04-03.18.21:836][580]LogModuleManager: Shutting down and abandoning module EditorLiveStreaming (153)
[2014.12.04-03.18.21:836][580]LogModuleManager: Shutting down and abandoning module HardwareTargeting (152)
[2014.12.04-03.18.21:836][580]LogModuleManager: Shutting down and abandoning module DeviceProfileEditor (151)
[2014.12.04-03.18.21:836][580]LogModuleManager: Shutting down and abandoning module UndoHistory (150)
[2014.12.04-03.18.21:836][580]LogModuleManager: Shutting down and abandoning module GameplayTagsEditor (149)
[2014.12.04-03.18.21:836][580]LogModuleManager: Shutting down and abandoning module UserFeedback (148)
[2014.12.04-03.18.21:836][580]LogModuleManager: Shutting down and abandoning module XmlParser (147)
[2014.12.04-03.18.21:836][580]LogModuleManager: Shutting down and abandoning module Blutility (146)
[2014.12.04-03.18.21:836][580]LogModuleManager: Shutting down and abandoning module IOSPlatformEditor (145)
[2014.12.04-03.18.21:836][580]LogModuleManager: Shutting down and abandoning module IOSRuntimeSettings (144)
[2014.12.04-03.18.21:836][580]LogModuleManager: Shutting down and abandoning module AndroidPlatformEditor (143)
[2014.12.04-03.18.21:837][580]LogModuleManager: Shutting down and abandoning module AndroidRuntimeSettings (142)
[2014.12.04-03.18.21:837][580]LogModuleManager: Shutting down and abandoning module ProjectTargetPlatformEditor (141)
[2014.12.04-03.18.21:837][580]LogModuleManager: Shutting down and abandoning module ProjectSettingsViewer (140)
[2014.12.04-03.18.21:837][580]LogModuleManager: Shutting down and abandoning module InputBindingEditor (139)
[2014.12.04-03.18.21:837][580]LogModuleManager: Shutting down and abandoning module EditorSettingsViewer (138)
[2014.12.04-03.18.21:837][580]LogModuleManager: Shutting down and abandoning module SettingsEditor (137)
[2014.12.04-03.18.21:837][580]LogModuleManager: Shutting down and abandoning module ProjectLauncher (136)
[2014.12.04-03.18.21:837][580]LogModuleManager: Shutting down and abandoning module SessionFrontend (135)
[2014.12.04-03.18.21:837][580]LogModuleManager: Shutting down and abandoning module ProfilerClient (134)
[2014.12.04-03.18.21:837][580]LogModuleManager: Shutting down and abandoning module TargetDeviceServices (133)
[2014.12.04-03.18.21:837][580]LogModuleManager: Shutting down and abandoning module DeviceManager (132)
[2014.12.04-03.18.21:837][580]LogModuleManager: Shutting down and abandoning module AutomationController (131)
[2014.12.04-03.18.21:837][580]LogModuleManager: Shutting down and abandoning module AutomationWindow (130)
[2014.12.04-03.18.21:837][580]LogModuleManager: Shutting down and abandoning module Layers (129)
[2014.12.04-03.18.21:837][580]LogModuleManager: Shutting down and abandoning module ComponentVisualizers (128)
[2014.12.04-03.18.21:837][580]LogModuleManager: Shutting down and abandoning module DetailCustomizations (127)
[2014.12.04-03.18.21:837][580]LogModuleManager: Shutting down and abandoning module PackagesDialog (126)
[2014.12.04-03.18.21:837][580]LogModuleManager: Shutting down and abandoning module AssetRegistry (125)
[2014.12.04-03.18.21:848][580]LogModuleManager: Shutting down and abandoning module Persona (124)
[2014.12.04-03.18.21:848][580]LogModuleManager: Shutting down and abandoning module Kismet (123)
[2014.12.04-03.18.21:848][580]LogModuleManager: Shutting down and abandoning module GraphEditor (122)
[2014.12.04-03.18.21:848][580]LogModuleManager: Shutting down and abandoning module ClassViewer (121)
[2014.12.04-03.18.21:848][580]LogModuleManager: Shutting down and abandoning module Toolbox (120)
[2014.12.04-03.18.21:848][580]LogModuleManager: Shutting down and abandoning module ModuleUI (119)
[2014.12.04-03.18.21:848][580]LogModuleManager: Shutting down and abandoning module MovieSceneTools (118)
[2014.12.04-03.18.21:848][580]LogModuleManager: Shutting down and abandoning module OutputLog (117)
[2014.12.04-03.18.21:848][580]LogModuleManager: Shutting down and abandoning module GammaUI (116)
[2014.12.04-03.18.21:848][580]LogModuleManager: Shutting down and abandoning module Documentation (115)
[2014.12.04-03.18.21:848][580]LogModuleManager: Shutting down and abandoning module GameLiveStreaming (114)
[2014.12.04-03.18.21:848][580]LogModuleManager: Shutting down and abandoning module StreamingPauseRendering (113)
[2014.12.04-03.18.21:848][580]LogModuleManager: Shutting down and abandoning module HTTP (112)
[2014.12.04-03.18.21:848][580]LogModuleManager: Shutting down and abandoning module AnalyticsET (111)
[2014.12.04-03.18.21:848][580]LogModuleManager: Shutting down and abandoning module Analytics (110)
[2014.12.04-03.18.21:848][580]LogModuleManager: Shutting down and abandoning module AITestSuite (109)
[2014.12.04-03.18.21:848][580]LogModuleManager: Shutting down and abandoning module AIModule (108)
[2014.12.04-03.18.21:848][580]LogModuleManager: Shutting down and abandoning module ProfilerService (107)
[2014.12.04-03.18.22:091][580]LogModuleManager: Shutting down and abandoning module TaskGraph (106)
[2014.12.04-03.18.22:091][580]LogModuleManager: Shutting down and abandoning module GameplayDebugger (105)
[2014.12.04-03.18.22:091][580]LogModuleManager: Shutting down and abandoning module SlateRemote (104)
[2014.12.04-03.18.22:091][580]LogModuleManager: Shutting down and abandoning module ScriptEditorPlugin (103)
[2014.12.04-03.18.22:091][580]LogModuleManager: Shutting down and abandoning module CustomMeshComponent (102)
[2014.12.04-03.18.22:091][580]LogModuleManager: Shutting down and abandoning module CableComponent (101)
[2014.12.04-03.18.22:091][580]LogModuleManager: Shutting down and abandoning module MessagingDebugger (100)
[2014.12.04-03.18.22:091][580]LogModuleManager: Shutting down and abandoning module MediaPlayerEditor (99)
[2014.12.04-03.18.22:091][580]LogModuleManager: Shutting down and abandoning module SpeedTreeImporter (98)
[2014.12.04-03.18.22:091][580]LogModuleManager: Shutting down and abandoning module PluginsEditor (97)
[2014.12.04-03.18.22:091][580]LogModuleManager: Shutting down and abandoning module EpicSurvey (96)
[2014.12.04-03.18.22:091][580]LogModuleManager: Shutting down and abandoning module DesktopPlatform (95)
[2014.12.04-03.18.22:091][580]LogModuleManager: Shutting down and abandoning module VisualStudioSourceCodeAccess (94)
[2014.12.04-03.18.22:091][580]LogModuleManager: Shutting down and abandoning module UObjectPlugin (93)
[2014.12.04-03.18.22:091][580]LogModuleManager: Shutting down and abandoning module SubversionSourceControl (92)
[2014.12.04-03.18.22:091][580]LogModuleManager: Shutting down and abandoning module SourceControl (91)
[2014.12.04-03.18.22:091][580]LogModuleManager: Shutting down and abandoning module PerforceSourceControl (90)
[2014.12.04-03.18.22:091][580]LogModuleManager: Shutting down and abandoning module BlankPlugin (89)
[2014.12.04-03.18.22:092][580]LogModuleManager: Shutting down and abandoning module SlateReflector (88)
[2014.12.04-03.18.22:092][580]LogModuleManager: Shutting down and abandoning module DirectoryWatcher (87)
[2014.12.04-03.18.22:092][580]LogModuleManager: Shutting down and abandoning module HotReload (86)
[2014.12.04-03.18.22:092][580]LogModuleManager: Shutting down and abandoning module MainFrame (85)
[2014.12.04-03.18.22:092][580]LogModuleManager: Shutting down and abandoning module LevelEditor (84)
[2014.12.04-03.18.22:094][580]LogModuleManager: Shutting down and abandoning module ViewportSnapping (83)
[2014.12.04-03.18.22:094][580]LogModuleManager: Shutting down and abandoning module SmartSnapping (82)
[2014.12.04-03.18.22:094][580]LogModuleManager: Shutting down and abandoning module PaperTiledImporter (81)
[2014.12.04-03.18.22:094][580]LogModuleManager: Shutting down and abandoning module PaperJsonImporter (80)
[2014.12.04-03.18.22:094][580]LogModuleManager: Shutting down and abandoning module ContentBrowser (79)
[2014.12.04-03.18.22:094][580]LogModuleManager: Shutting down and abandoning module Paper2DEditor (78)
[2014.12.04-03.18.22:094][580]LogModuleManager: Shutting down and abandoning module ScriptPlugin (77)
[2014.12.04-03.18.22:094][580]LogModuleManager: Shutting down and abandoning module UdpMessaging (76)
[2014.12.04-03.18.22:195][580]LogModuleManager: Shutting down and abandoning module Paper2D (75)
[2014.12.04-03.18.22:195][580]LogModuleManager: Shutting down and abandoning module UE4Game (74)
[2014.12.04-03.18.22:195][580]LogModuleManager: Shutting down and abandoning module WindowsMoviePlayer (73)
[2014.12.04-03.18.22:198][580]LogModuleManager: Shutting down and abandoning module Media (72)
[2014.12.04-03.18.22:198][580]LogModuleManager: Shutting down and abandoning module WmfMedia (71)
[2014.12.04-03.18.22:199][580]LogModuleManager: Shutting down and abandoning module OnlineBlueprintSupport (70)
[2014.12.04-03.18.22:199][580]LogModuleManager: Shutting down and abandoning module PropertyEditor (69)
[2014.12.04-03.18.22:199][580]LogModuleManager: Shutting down and abandoning module BehaviorTreeEditor (68)
[2014.12.04-03.18.22:199][580]LogModuleManager: Shutting down and abandoning module FunctionalTesting (67)
[2014.12.04-03.18.22:199][580]LogModuleManager: Shutting down and abandoning module CollisionAnalyzer (66)
[2014.12.04-03.18.22:199][580]LogModuleManager: Shutting down and abandoning module WorkspaceMenuStructure (65)
[2014.12.04-03.18.22:199][580]LogModuleManager: Shutting down and abandoning module MessageLog (64)
[2014.12.04-03.18.22:199][580]LogModuleManager: Shutting down and abandoning module Sequencer (63)
[2014.12.04-03.18.22:199][580]LogModuleManager: Shutting down and abandoning module AssetTools (62)
[2014.12.04-03.18.22:199][580]LogModuleManager: Shutting down and abandoning module UMGEditor (61)
[2014.12.04-03.18.22:199][580]LogModuleManager: Shutting down and abandoning module UMG (60)
[2014.12.04-03.18.22:199][580]LogModuleManager: Shutting down and abandoning module Slate (59)
[2014.12.04-03.18.22:199][580]LogModuleManager: Shutting down and abandoning module EditorStyle (58)
[2014.12.04-03.18.22:206][580]LogModuleManager: Shutting down and abandoning module SessionServices (57)
[2014.12.04-03.18.22:206][580]LogModuleManager: Shutting down and abandoning module SourceCodeAccess (56)
[2014.12.04-03.18.22:206][580]LogModuleManager: Shutting down and abandoning module HeadMountedDisplay (55)
[2014.12.04-03.18.22:206][580]LogModuleManager: Shutting down and abandoning module XAudio2 (54)
[2014.12.04-03.18.22:206][580]LogModuleManager: Shutting down and abandoning module Networking (52)
[2014.12.04-03.18.22:206][580]LogModuleManager: Shutting down and abandoning module Core (51)
[2014.12.04-03.18.22:206][580]LogModuleManager: Shutting down and abandoning module KismetCompiler (50)
[2014.12.04-03.18.22:206][580]LogModuleManager: Shutting down and abandoning module PhysXFormats (49)
[2014.12.04-03.18.22:206][580]LogModuleManager: Shutting down and abandoning module MeshUtilities (48)
[2014.12.04-03.18.22:206][580]LogModuleManager: Shutting down and abandoning module DerivedDataCache (47)
[2014.12.04-03.18.22:218][580]LogDerivedDataCache: Shutdown
[2014.12.04-03.18.22:218][580]LogModuleManager: Shutting down and abandoning module ShaderFormatOpenGL (46)
[2014.12.04-03.18.22:218][580]LogModuleManager: Shutting down and abandoning module ShaderFormatD3D (45)
[2014.12.04-03.18.22:218][580]LogModuleManager: Shutting down and abandoning module MetalShaderFormat (44)
[2014.12.04-03.18.22:218][580]LogModuleManager: Shutting down and abandoning module TextureFormatUncompressed (43)
[2014.12.04-03.18.22:218][580]LogModuleManager: Shutting down and abandoning module TextureFormatPVR (42)
[2014.12.04-03.18.22:218][580]LogModuleManager: Shutting down and abandoning module TextureFormatDXT (41)
[2014.12.04-03.18.22:218][580]LogModuleManager: Shutting down and abandoning module TextureFormatAndroid (40)
[2014.12.04-03.18.22:218][580]LogModuleManager: Shutting down and abandoning module AudioFormatOpus (39)
[2014.12.04-03.18.22:218][580]LogModuleManager: Shutting down and abandoning module AudioFormatOgg (38)
[2014.12.04-03.18.22:218][580]LogModuleManager: Shutting down and abandoning module AudioFormatADPCM (37)
[2014.12.04-03.18.22:218][580]LogModuleManager: Shutting down and abandoning module LinuxTargetPlatform (36)
[2014.12.04-03.18.22:218][580]LogModuleManager: Shutting down and abandoning module LinuxServerTargetPlatform (35)
[2014.12.04-03.18.22:218][580]LogModuleManager: Shutting down and abandoning module LinuxNoEditorTargetPlatform (34)
[2014.12.04-03.18.22:218][580]LogModuleManager: Shutting down and abandoning module Messaging (33)
[2014.12.04-03.18.22:218][580]LogModuleManager: Shutting down and abandoning module IOSTargetPlatform (32)
[2014.12.04-03.18.22:218][580]LogModuleManager: Shutting down and abandoning module Android_PVRTCTargetPlatform (31)
[2014.12.04-03.18.22:218][580]LogModuleManager: Shutting down and abandoning module Android_ETC2TargetPlatform (30)
[2014.12.04-03.18.22:218][580]LogModuleManager: Shutting down and abandoning module Android_ETC1TargetPlatform (29)
[2014.12.04-03.18.22:218][580]LogModuleManager: Shutting down and abandoning module Android_DXTTargetPlatform (28)
[2014.12.04-03.18.22:218][580]LogModuleManager: Shutting down and abandoning module Android_ATCTargetPlatform (27)
[2014.12.04-03.18.22:218][580]LogModuleManager: Shutting down and abandoning module AndroidTargetPlatform (26)
[2014.12.04-03.18.22:218][580]LogModuleManager: Shutting down and abandoning module WindowsTargetPlatform (25)
[2014.12.04-03.18.22:218][580]LogModuleManager: Shutting down and abandoning module WindowsServerTargetPlatform (24)
[2014.12.04-03.18.22:218][580]LogModuleManager: Shutting down and abandoning module WindowsNoEditorTargetPlatform (23)
[2014.12.04-03.18.22:218][580]LogModuleManager: Shutting down and abandoning module WindowsClientTargetPlatform (22)
[2014.12.04-03.18.22:218][580]LogModuleManager: Shutting down and abandoning module TargetPlatform (21)
[2014.12.04-03.18.22:218][580]LogModuleManager: Shutting down and abandoning module InputCore (20)
[2014.12.04-03.18.22:218][580]LogModuleManager: Shutting down and abandoning module Settings (19)
[2014.12.04-03.18.22:219][580]LogModuleManager: Shutting down and abandoning module ImageWrapper (18)
[2014.12.04-03.18.22:219][580]LogModuleManager: Shutting down and abandoning module OculusRift (15)
[2014.12.04-03.18.22:219][580]LogModuleManager: Shutting down and abandoning module ExampleDeviceProfileSelector (14)
[2014.12.04-03.18.22:219][580]LogModuleManager: Shutting down and abandoning module TextureCompressor (13)
[2014.12.04-03.18.22:219][580]LogModuleManager: Shutting down and abandoning module ShaderCore (12)
[2014.12.04-03.18.22:219][580]LogModuleManager: Shutting down and abandoning module Landscape (11)
[2014.12.04-03.18.22:219][580]LogModuleManager: Shutting down and abandoning module SlateRHIRenderer (10)
[2014.12.04-03.18.22:220][580]LogModuleManager: Shutting down and abandoning module OpenGLDrv (9)
[2014.12.04-03.18.22:220][580]LogModuleManager: Shutting down and abandoning module D3D11RHI (8)
[2014.12.04-03.18.22:220][580]LogModuleManager: Shutting down and abandoning module Renderer (7)
[2014.12.04-03.18.22:220][580]LogModuleManager: Shutting down and abandoning module Engine (6)
[2014.12.04-03.18.22:220][580]LogModuleManager: Shutting down and abandoning module CoreUObject (5)
[2014.12.04-03.18.22:220][580]LogModuleManager: Shutting down and abandoning module NetworkFile (4)
[2014.12.04-03.18.22:220][580]LogModuleManager: Shutting down and abandoning module StreamingFile (3)
[2014.12.04-03.18.22:220][580]LogModuleManager: Shutting down and abandoning module SandboxFile (2)
[2014.12.04-03.18.22:220][580]LogModuleManager: Shutting down and abandoning module PakFile (1)
[2014.12.04-03.18.22:221][580]LogExit: Exiting.
[2014.12.04-03.18.22:243][580]Log file closed, 12/03/14 22:18:22
