Log file open, 12/03/14 20:18:13
LogInit:Display: Running engine for game: Prototype
LogInit: Version: 4.6.0-2369412+++depot+UE4-Releases+4.6
LogInit: API Version: 2369412
LogInit: Compiled (64-bit): Nov 24 2014 21:54:04
LogInit: Compiled with Visual C++: 18.00.21005.01
LogInit: Build Configuration: Development
LogInit: Branch Name: ++depot+UE4-Releases+4.6
LogInit: Command line:  
LogInit: Base directory: C:/Program Files/Unreal Engine/4.6/Engine/Binaries/Win64/
LogInit: Rocket: 1
[2014.12.04-01.18.13:747][  0]LogTaskGraph: Started task graph with 3 named threads and 6 total threads.
[2014.12.04-01.18.13:795][  0]LogOnline:Warning: No default platform service specified for OnlineSubsystem
[2014.12.04-01.18.13:811][  0]LogInit: Presizing for 0 objects not considered by GC, pre-allocating 0 bytes.
[2014.12.04-01.18.13:818][  0]LogInit: Object subsystem initialized
[2014.12.04-01.18.13:820][  0]LogConsoleResponse:Warning: Skipping Unknown console variable: 'UIScaleRule = ShortestSide'
[2014.12.04-01.18.13:820][  0]LogConsoleResponse:Warning:   Found in ini file 'C:/Users/Abraham/Desktop/Prototype/PrototypeTEST/Prototype/Saved/Config/Windows/Engine.ini', in section '[/Script/Engine.RendererSettings]'
[2014.12.04-01.18.13:820][  0]LogConsoleResponse:Warning: Skipping Unknown console variable: 'UIScaleCurve = (EditorCurveData=(Keys=),ExternalCurve=None)'
[2014.12.04-01.18.13:820][  0]LogConsoleResponse:Warning:   Found in ini file 'C:/Users/Abraham/Desktop/Prototype/PrototypeTEST/Prototype/Saved/Config/Windows/Engine.ini', in section '[/Script/Engine.RendererSettings]'
[2014.12.04-01.18.13:820][  0]LogConsoleManager:Warning: Console variable 'r.MSAA.CompositingSampleCount' wasn't set (Priority ProjectSetting < Scalability)
[2014.12.04-01.18.13:820][  0]LogInit: Selected Device Profile: [Windows]
[2014.12.04-01.18.13:820][  0]LogInit: Applying CVar settings loaded from the selected device profile: [Windows]
[2014.12.04-01.18.13:826][  0]LogInit: Computer: ABRAHAM-PC
[2014.12.04-01.18.13:826][  0]LogInit: User: Abraham
[2014.12.04-01.18.13:826][  0]LogInit: CPU Page size=4096, Cores=4
[2014.12.04-01.18.13:826][  0]LogInit: High frequency timer resolution =3.410087 MHz
[2014.12.04-01.18.13:826][  0]LogMemory: Memory total: Physical=31.9GB (32GB approx) Virtual=8192.0GB
[2014.12.04-01.18.13:826][  0]LogMemory: Platform Memory Stats for Windows
[2014.12.04-01.18.13:826][  0]LogMemory: Process Physical Memory: 51.95 MB used, 51.95 MB peak
[2014.12.04-01.18.13:826][  0]LogMemory: Process Virtual Memory: 27.58 MB used, 27.59 MB peak
[2014.12.04-01.18.13:826][  0]LogMemory: Physical Memory: 7967.80 MB used, 32655.82 MB total
[2014.12.04-01.18.13:826][  0]LogMemory: Virtual Memory: 267.74 MB used, 8388608.00 MB total
[2014.12.04-01.18.13:900][  0]LogD3D11RHI: Found D3D11 adapter 0: NVIDIA GeForce GTX 780 (Feature Level 11_0)
[2014.12.04-01.18.13:900][  0]LogD3D11RHI: Adapter has 2994MB of dedicated video memory, 0MB of dedicated system memory, and 16071MB of shared system memory, 2 output[s]
[2014.12.04-01.18.13:900][  0]LogD3D11RHI: Chosen D3D11 Adapter Id = 0
[2014.12.04-01.18.13:906][  0]LogRHI: Texture pool is 1361 MB (70% of 1945 MB)
[2014.12.04-01.18.13:912][  0]LogD3D11RHI: Async texture creation enabled
[2014.12.04-01.18.13:970][  0]LogTextLocalizationManager: The requested culture ('en_US') has no localization data; parent culture's ('en') localization data will be used.
[2014.12.04-01.18.14:083][  0]LogContentStreaming: Texture pool size is 0.000000MB
[2014.12.04-01.18.18:690][  0]LogTargetPlatformManager:Display: Building Assets For Windows
[2014.12.04-01.18.19:045][  0]LogTargetPlatformManager:Display: Building Assets For Windows
[2014.12.04-01.18.19:085][  0]LogDerivedDataCache:Display: Max Cache Size: 512 MB
[2014.12.04-01.18.19:123][  0]LogDerivedDataCache: Loaded boot cache 0.04s 39MB C:/Users/Abraham/AppData/Local/UnrealEngine/4.6/DerivedDataCache/Boot.ddc.
[2014.12.04-01.18.19:123][  0]LogDerivedDataCache:Display: Loaded Boot cache: C:/Users/Abraham/AppData/Local/UnrealEngine/4.6/DerivedDataCache/Boot.ddc
[2014.12.04-01.18.19:123][  0]LogDerivedDataCache: FDerivedDataBackendGraph:  Pak pak cache file ../../../../../../Users/Abraham/Desktop/Prototype/PrototypeTEST/Prototype/DerivedDataCache/DDC.ddp not found, will not use a pak cache.
[2014.12.04-01.18.19:123][  0]LogDerivedDataCache: Unable to find inner node Pak for hierarchical cache Hierarchy.
[2014.12.04-01.18.19:178][  0]LogDerivedDataCache:Display: Pak cache opened for reading ../../../Engine/DerivedDataCache/DDC.ddp.
[2014.12.04-01.18.19:190][  0]LogDerivedDataCache: Using Local data cache path C:/Users/Abraham/AppData/Local/UnrealEngine/Common/DerivedDataCache: Writable
[2014.12.04-01.18.19:293][  0]LogCollisionProfile:Warning: Profile (UI) - Custom Channel Name = 'Weapon' hasn't been found
[2014.12.04-01.18.19:405][  0]LogMeshUtilities: No automatic mesh reduction module available
[2014.12.04-01.18.19:405][  0]LogMeshUtilities: No automatic mesh merging module available
[2014.12.04-01.18.19:707][  0]LogInit: WinSock: version 1.1 (2.2), MaxSocks=32767, MaxUdp=65467
[2014.12.04-01.18.19:752][  0]LogSlate:Warning: Failed to load font data from '../../../Engine/Content/Slate/Fonts/Roboto-Italic.ttf'
[2014.12.04-01.18.20:348][  0]UdpMessaging: Initializing bridge on interface 0.0.0.0:0 to multicast group 230.0.0.1:6666.
[2014.12.04-01.18.20:485][  0]LogDirectoryWatcher:Warning: Failed to begin reading directory changes for C:/Users/Abraham/Desktop/Prototype/PrototypeTEST/Prototype/Binaries/Win64. Error: 0
[2014.12.04-01.18.20:593][  0]SourceControl: Info Source control is disabled
[2014.12.04-01.18.20:593][  0]SourceControl: Info Source control is disabled
[2014.12.04-01.18.20:598][  0]SourceControl: Info Source control is disabled
[2014.12.04-01.18.20:698][  0]LogObj: 23754 objects as part of root set at end of initial load.
[2014.12.04-01.18.20:698][  0]LogUObjectAllocator: 5168128 out of 0 bytes used by permanent object pool.
[2014.12.04-01.18.20:744][  0]LogEngine: Initializing Engine...
[2014.12.04-01.18.20:860][  0]LogInit: XAudio2 using 'Speakers (Realtek High Definition Audio)' : 2 channels at 48 kHz using 32 bits per sample (channel mask 0x3)
[2014.12.04-01.18.20:869][  0]LogInit: FAudioDevice initialized.
[2014.12.04-01.18.20:887][  0]LogAIModule: Creating AISystem for world NewWorld
[2014.12.04-01.18.20:909][  0]LogDerivedDataCache: Saved boot cache 0.02s 39MB C:/Users/Abraham/AppData/Local/UnrealEngine/4.6/DerivedDataCache/Boot.ddc.
[2014.12.04-01.18.20:912][  0]LogInit: Texture streaming: Enabled
[2014.12.04-01.18.20:935][  0]LogAnalytics: Creating configured Analytics provider AnalyticsET
[2014.12.04-01.18.20:935][  0]LogAnalytics: ET APIKey = Rocket.Release. APIServer = http://et2.epicgames.com/ET2/. AppVersion = 4.6.0-2369412+++depot+UE4-Releases+4.6
[2014.12.04-01.18.20:936][  0]LogAnalytics: SetUserId 19076ba5ac18129c27b3ca78ece4fc3e
[2014.12.04-01.18.20:936][  0]LogAnalytics: AnalyticsET::StartSession [Rocket.Release]
[2014.12.04-01.18.20:949][  0]LogInit: Transaction tracking system initialized
[2014.12.04-01.18.21:023][  0]BlueprintLog: New page: Editor Load
[2014.12.04-01.18.21:049][  0]LogAssetRegistry: FAssetRegistry took 0.0094 seconds to start up
[2014.12.04-01.18.21:049][  0]LogDirectoryWatcher:Warning: Failed to begin reading directory changes for ../../../Engine/Plugins/Experimental/CharacterAI/Content/. Error: 0
[2014.12.04-01.18.21:458][  0]LogTargetPlatformManager:Display: Building Assets For Windows
[2014.12.04-01.18.21:751][  0]LogTargetPlatformManager:Display: Building Assets For Windows
[2014.12.04-01.18.21:896][  0]LogConsoleResponse:Display: 
[2014.12.04-01.18.21:931][  0]LogLinker:Warning: Asset '../../../Engine/Content/Functions/Engine_MaterialFunctions03/Procedurals/ComputeFilterWidth.uasset' has been saved with empty engine version. The asset will be loaded but may be incompatible.
[2014.12.04-01.18.22:078][  0]SourceControl: Info Source control is disabled
[2014.12.04-01.18.22:078][  0]Cmd: MAP LOAD FILE="../../../../../../Users/Abraham/Desktop/Prototype/PrototypeTEST/Prototype/Content/Maps/Example_Map.umap" TEMPLATE=0 SHOWPROGRESS=1
[2014.12.04-01.18.22:078][  0]LightingResults: New page: Lighting Build
[2014.12.04-01.18.22:086][  0]MapCheck: New page: Map Check
[2014.12.04-01.18.22:086][  0]LightingResults: New page: Lighting Build
[2014.12.04-01.18.22:093][  0]LogParticles: Destroying 0 GPU particle simulations for FXSystem 0x0000000013A499E0
[2014.12.04-01.18.22:339][  0]LogEditorServer: Finished looking for orphan Actors (0.000 secs)
[2014.12.04-01.18.22:339][  0]LogAIModule: Creating AISystem for world Example_Map
[2014.12.04-01.18.22:341][  0]Cmd: MAP CHECKDEP
[2014.12.04-01.18.22:341][  0]MapCheck: New page: Example_Map - Dec 3, 2014, 3:18:22 PM
[2014.12.04-01.18.22:401][  0]MapCheck: Info Map check complete: 0 Error(s), 0 Warning(s), took 60.38ms to complete.
[2014.12.04-01.18.22:401][  0]LogFileHelpers: Loading map 'Example_Map' took 0.324
[2014.12.04-01.18.22:483][  0]LogCollectionManager: Loaded 0 collections in 0.000976 seconds
[2014.12.04-01.18.22:498][  0]LogContentBrowser:Verbose: The content browser source was changed by the sources view to '/Game'
[2014.12.04-01.18.22:564][  0]LogCrashTracker: Crashtracker disabled due to settings.
[2014.12.04-01.18.22:569][  0]LogUObjectGlobals:Warning: Failed to find object 'Class None.'
[2014.12.04-01.18.22:599][  0]LogLoad: Full Startup: 10.67 seconds (BP compile: 0.04 seconds)
[2014.12.04-01.18.23:055][  0]LogRenderer:Warning: Reallocating scene render targets to support 1136x904.
[2014.12.04-01.18.23:283][  1]LogAssetRegistry: Asset discovery search completed in 2.2435 seconds
[2014.12.04-01.18.34:070][550]LogContentBrowser:Verbose: The content browser source was changed by the sources view to '/Game/Character'
[2014.12.04-01.18.34:386][586]LogContentBrowser:Verbose: The content browser source was changed by the sources view to '/Game/Blueprints'
[2014.12.04-01.18.47:413][816]LogPropertyNode:Warning: UI Min (0.001) >= UI Max () for Ranged Numeric
[2014.12.04-01.18.47:429][816]LogPropertyNode:Warning: UI Min (0.001) >= UI Max () for Ranged Numeric
[2014.12.04-01.18.47:453][816]LogPropertyNode:Warning: UI Min (0.001) >= UI Max () for Ranged Numeric
[2014.12.04-01.18.47:463][816]LogPropertyNode:Warning: UI Min (0.001) >= UI Max () for Ranged Numeric
[2014.12.04-01.18.54:186][422]LogRenderer:Warning: Reallocating scene render targets to support 1536x904.
[2014.12.04-01.19.02:858][416]BlueprintLog: New page: Compile Humperdink
[2014.12.04-01.19.02:915][416]LogPropertyNode:Warning: UI Min (0.001) >= UI Max () for Ranged Numeric
[2014.12.04-01.19.02:923][416]BlueprintEditorCompileResults: Info [0050.99] Compile of Humperdink successful! [in 62 ms]
[2014.12.04-01.19.02:931][416]LogPropertyNode:Warning: UI Min (0.001) >= UI Max () for Ranged Numeric
[2014.12.04-01.19.03:769][503]Cmd: OBJ SAVEPACKAGE PACKAGE="/Game/Blueprints/Humperdink" FILE="../../../../../../Users/Abraham/Desktop/Prototype/PrototypeTEST/Prototype/Content/Blueprints/Humperdink.uasset" SILENT=true
[2014.12.04-01.19.04:038][503]LogSavePackage: Save=261.795380ms
[2014.12.04-01.19.04:038][503]LogSavePackage: Moving '../../../../../../Users/Abraham/Desktop/Prototype/PrototypeTEST/Prototype/Saved/HumperdinkA72F3663434D54BC17E0A69F48DBC86A.tmp' to '../../../../../../Users/Abraham/Desktop/Prototype/PrototypeTEST/Prototype/Content/Blueprints/Humperdink.uasset'
[2014.12.04-01.19.15:162][745]LogPropertyNode:Warning: UI Min (0.001) >= UI Max () for Ranged Numeric
[2014.12.04-01.19.29:652][479]LogPropertyNode:Warning: UI Min (0.001) >= UI Max () for Ranged Numeric
[2014.12.04-01.19.29:667][479]LogPropertyNode:Warning: UI Min (0.001) >= UI Max () for Ranged Numeric
[2014.12.04-01.20.01:287][257]BlueprintLog: New page: Compile Humperdink
[2014.12.04-01.20.01:340][257]LogPropertyNode:Warning: UI Min (0.001) >= UI Max () for Ranged Numeric
[2014.12.04-01.20.01:350][257]BlueprintEditorCompileResults: Info [0109.42] Compile of Humperdink successful! [in 61 ms]
[2014.12.04-01.20.01:358][257]LogPropertyNode:Warning: UI Min (0.001) >= UI Max () for Ranged Numeric
[2014.12.04-01.20.01:844][307]Cmd: OBJ SAVEPACKAGE PACKAGE="/Game/Blueprints/Humperdink" FILE="../../../../../../Users/Abraham/Desktop/Prototype/PrototypeTEST/Prototype/Content/Blueprints/Humperdink.uasset" SILENT=true
[2014.12.04-01.20.02:111][307]LogSavePackage: Save=264.410858ms
[2014.12.04-01.20.02:111][307]LogSavePackage: Moving '../../../../../../Users/Abraham/Desktop/Prototype/PrototypeTEST/Prototype/Saved/HumperdinkE6C5CB904AA1393556946C84F13A13B9.tmp' to '../../../../../../Users/Abraham/Desktop/Prototype/PrototypeTEST/Prototype/Content/Blueprints/Humperdink.uasset'
[2014.12.04-01.20.23:251][795]LogEditorViewport: Clicking on Actor (LMB): StaticMeshActor (Cube06)
[2014.12.04-01.20.23:259][795]LogPropertyNode:Warning: UI Min (0.001) >= UI Max () for Ranged Numeric
[2014.12.04-01.20.35:708][ 29]BlueprintLog: New page: Compile Humperdink
[2014.12.04-01.20.35:769][ 29]LogPropertyNode:Warning: UI Min (0.001) >= UI Max () for Ranged Numeric
[2014.12.04-01.20.35:782][ 29]BlueprintEditorCompileResults: Info [0143.85] Compile of Humperdink successful! [in 71 ms]
[2014.12.04-01.20.35:790][ 29]LogPropertyNode:Warning: UI Min (0.001) >= UI Max () for Ranged Numeric
[2014.12.04-01.20.36:188][ 68]Cmd: OBJ SAVEPACKAGE PACKAGE="/Game/Blueprints/Humperdink" FILE="../../../../../../Users/Abraham/Desktop/Prototype/PrototypeTEST/Prototype/Content/Blueprints/Humperdink.uasset" SILENT=true
[2014.12.04-01.20.36:457][ 68]LogSavePackage: Save=266.358307ms
[2014.12.04-01.20.36:457][ 68]LogSavePackage: Moving '../../../../../../Users/Abraham/Desktop/Prototype/PrototypeTEST/Prototype/Saved/Humperdink1C4B08234D8150BCB7353BA37F578747.tmp' to '../../../../../../Users/Abraham/Desktop/Prototype/PrototypeTEST/Prototype/Content/Blueprints/Humperdink.uasset'
[2014.12.04-01.20.36:913][121]LogPropertyNode:Warning: UI Min (0.001) >= UI Max () for Ranged Numeric
[2014.12.04-01.21.10:685][779]BlueprintLog: New page: Compile Humperdink
[2014.12.04-01.21.10:767][779]BlueprintEditorCompileResults: Info [0178.84] Compile of Humperdink successful! [in 80 ms]
[2014.12.04-01.21.11:555][860]Cmd: OBJ SAVEPACKAGE PACKAGE="/Game/Blueprints/Humperdink" FILE="../../../../../../Users/Abraham/Desktop/Prototype/PrototypeTEST/Prototype/Content/Blueprints/Humperdink.uasset" SILENT=true
[2014.12.04-01.21.11:824][860]LogSavePackage: Save=265.390594ms
[2014.12.04-01.21.11:824][860]LogSavePackage: Moving '../../../../../../Users/Abraham/Desktop/Prototype/PrototypeTEST/Prototype/Saved/Humperdink85F03B854DEFB5E64E6ADE8E98E005AA.tmp' to '../../../../../../Users/Abraham/Desktop/Prototype/PrototypeTEST/Prototype/Content/Blueprints/Humperdink.uasset'
[2014.12.04-01.21.36:711][561]BlueprintLog: New page: Compile Humperdink
[2014.12.04-01.21.36:771][561]BlueprintEditorCompileResults: Info [0204.84] Compile of Humperdink successful! [in 58 ms]
[2014.12.04-01.21.37:438][631]Cmd: OBJ SAVEPACKAGE PACKAGE="/Game/Blueprints/Humperdink" FILE="../../../../../../Users/Abraham/Desktop/Prototype/PrototypeTEST/Prototype/Content/Blueprints/Humperdink.uasset" SILENT=true
[2014.12.04-01.21.37:714][631]LogSavePackage: Save=272.656982ms
[2014.12.04-01.21.37:714][631]LogSavePackage: Moving '../../../../../../Users/Abraham/Desktop/Prototype/PrototypeTEST/Prototype/Saved/Humperdink4EE497324055798225FDC0A6F6EBCC29.tmp' to '../../../../../../Users/Abraham/Desktop/Prototype/PrototypeTEST/Prototype/Content/Blueprints/Humperdink.uasset'
[2014.12.04-01.21.39:359][784]BlueprintLog: New page: Pre-PIE auto-recompile
[2014.12.04-01.21.39:361][784]LogPlayLevel: [PIE] Compiling Tutorial_BP_MacroLib before PIE...
[2014.12.04-01.21.39:408][784]LogPlayLevel: PIE:  Blueprint regeneration took 49 ms (1 blueprints)
[2014.12.04-01.21.39:408][784]PIE: New page: PIE session: Example_Map (Dec 3, 2014, 3:21:39 PM)
[2014.12.04-01.21.39:434][784]LogPlayLevel: PIE: StaticDuplicateObject took: (0.025357s)
[2014.12.04-01.21.39:435][784]LogPlayLevel: PIE: World Init took: (0.000905s)
[2014.12.04-01.21.39:435][784]LogPlayLevel: PIE: Created PIE world by copying editor world from /Game/Maps/Example_Map.Example_Map to /Game/Maps/UEDPIE_0_Example_Map.Example_Map (0.026500s)
[2014.12.04-01.21.39:564][784]LogLinker:Warning: Asset '../../../../../../Users/Abraham/Desktop/Prototype/PrototypeTEST/Prototype/Content/Blueprints/MyProjectile.uasset' has been saved with empty engine version. The asset will be loaded but may be incompatible.
[2014.12.04-01.21.39:694][784]LogAnimation:Warning: UAnimMontage::PostLoad: The actual sequence length for montage FPP_Fire_Montage does not match the length stored in the asset, please resave the montage asset.
[2014.12.04-01.21.39:699][784]BlueprintLog:Warning: Warning Blueprint MyHUD has been migrated and requires re-saving to avoid import errors
[2014.12.04-01.21.39:700][784]BlueprintLog:Warning: Warning Blueprint MyGame has been migrated and requires re-saving to avoid import errors
[2014.12.04-01.21.39:741][784]LogWorld: Game class is 'MyGame_C'
[2014.12.04-01.21.39:742][784]LogAIModule: Creating AISystem for world Example_Map
[2014.12.04-01.21.39:743][784]LogWorld: Bringing World /Game/Maps/UEDPIE_0_Example_Map.Example_Map up for play (max tick rate 0) at 2014.12.03-20.21.39
[2014.12.04-01.21.39:743][784]LogWorld: Bringing up level for play took: 0.001238
[2014.12.04-01.21.39:745][784]PIE: Info Play in editor start time for /Game/Maps/UEDPIE_0_Example_Map 0.147
[2014.12.04-01.21.42:464][ 78]LogActorComponent: UnregisterComponent: (/Engine/Transient.CharacterMovementComponent_0) Not registered. Aborting.
[2014.12.04-01.21.42:464][ 78]LogActorComponent: UnregisterComponent: (/Engine/Transient.ProjectileMovementComponent_0) Not registered. Aborting.
[2014.12.04-01.21.42:482][ 78]LogParticles: Destroying 0 GPU particle simulations for FXSystem 0x000000000EED36A0
[2014.12.04-01.21.43:835][198]LogPlayLevel: PIE:  No blueprints needed recompiling
[2014.12.04-01.21.43:835][198]PIE: New page: PIE session: Example_Map (Dec 3, 2014, 3:21:43 PM)
[2014.12.04-01.21.43:854][198]LogPlayLevel: PIE: StaticDuplicateObject took: (0.018754s)
[2014.12.04-01.21.43:855][198]LogPlayLevel: PIE: World Init took: (0.000653s)
[2014.12.04-01.21.43:855][198]LogPlayLevel: PIE: Created PIE world by copying editor world from /Game/Maps/Example_Map.Example_Map to /Game/Maps/UEDPIE_0_Example_Map.Example_Map (0.019691s)
[2014.12.04-01.21.43:884][198]LogWorld: Game class is 'MyGame_C'
[2014.12.04-01.21.43:885][198]LogAIModule: Creating AISystem for world Example_Map
[2014.12.04-01.21.43:886][198]LogWorld: Bringing World /Game/Maps/UEDPIE_0_Example_Map.Example_Map up for play (max tick rate 0) at 2014.12.03-20.21.43
[2014.12.04-01.21.43:887][198]LogWorld: Bringing up level for play took: 0.001208
[2014.12.04-01.21.43:888][198]PIE: Info Play in editor start time for /Game/Maps/UEDPIE_0_Example_Map 0.29
[2014.12.04-01.21.44:855][301]LogParticles: Destroying 0 GPU particle simulations for FXSystem 0x0000000011F9E520
[2014.12.04-01.22.15:147][545]BlueprintLog: New page: Compile Humperdink
[2014.12.04-01.22.15:208][545]BlueprintEditorCompileResults: Info [0243.28] Compile of Humperdink successful! [in 58 ms]
[2014.12.04-01.22.15:710][594]Cmd: OBJ SAVEPACKAGE PACKAGE="/Game/Blueprints/Humperdink" FILE="../../../../../../Users/Abraham/Desktop/Prototype/PrototypeTEST/Prototype/Content/Blueprints/Humperdink.uasset" SILENT=true
[2014.12.04-01.22.15:982][594]LogSavePackage: Save=268.049774ms
[2014.12.04-01.22.15:982][594]LogSavePackage: Moving '../../../../../../Users/Abraham/Desktop/Prototype/PrototypeTEST/Prototype/Saved/Humperdink42BEAB7247A0542CB912D389A22429CD.tmp' to '../../../../../../Users/Abraham/Desktop/Prototype/PrototypeTEST/Prototype/Content/Blueprints/Humperdink.uasset'
[2014.12.04-01.22.18:772][863]LogPlayLevel: PIE:  No blueprints needed recompiling
[2014.12.04-01.22.18:772][863]PIE: New page: PIE session: Example_Map (Dec 3, 2014, 3:22:18 PM)
[2014.12.04-01.22.18:798][863]LogPlayLevel: PIE: StaticDuplicateObject took: (0.025478s)
[2014.12.04-01.22.18:798][863]LogPlayLevel: PIE: World Init took: (0.000594s)
[2014.12.04-01.22.18:798][863]LogPlayLevel: PIE: Created PIE world by copying editor world from /Game/Maps/Example_Map.Example_Map to /Game/Maps/UEDPIE_0_Example_Map.Example_Map (0.026235s)
[2014.12.04-01.22.18:829][863]LogWorld: Game class is 'MyGame_C'
[2014.12.04-01.22.18:830][863]LogAIModule: Creating AISystem for world Example_Map
[2014.12.04-01.22.18:831][863]LogWorld: Bringing World /Game/Maps/UEDPIE_0_Example_Map.Example_Map up for play (max tick rate 0) at 2014.12.03-20.22.18
[2014.12.04-01.22.18:831][863]LogWorld: Bringing up level for play took: 0.001262
[2014.12.04-01.22.18:832][863]PIE: Info Play in editor start time for /Game/Maps/UEDPIE_0_Example_Map -0.766
[2014.12.04-01.22.28:538][  0]LogParticles: Destroying 0 GPU particle simulations for FXSystem 0x0000000028694AE0
[2014.12.04-01.23.02:575][690]BlueprintLog: New page: Compile Humperdink
[2014.12.04-01.23.02:640][690]BlueprintEditorCompileResults: Info [0290.71] Compile of Humperdink successful! [in 62 ms]
[2014.12.04-01.23.03:210][744]Cmd: OBJ SAVEPACKAGE PACKAGE="/Game/Blueprints/Humperdink" FILE="../../../../../../Users/Abraham/Desktop/Prototype/PrototypeTEST/Prototype/Content/Blueprints/Humperdink.uasset" SILENT=true
[2014.12.04-01.23.03:474][744]LogSavePackage: Save=260.399811ms
[2014.12.04-01.23.03:474][744]LogSavePackage: Moving '../../../../../../Users/Abraham/Desktop/Prototype/PrototypeTEST/Prototype/Saved/Humperdink7D6B094349ED09C7908705A5CFA395A0.tmp' to '../../../../../../Users/Abraham/Desktop/Prototype/PrototypeTEST/Prototype/Content/Blueprints/Humperdink.uasset'
[2014.12.04-01.23.07:521][159]LogParticles: Destroying 0 GPU particle simulations for FXSystem 0x00000000212C2C00
[2014.12.04-01.23.07:599][159]LogSavePackage: Save=67.496223ms
[2014.12.04-01.23.07:599][159]LogSavePackage: Moving '../../../../../../Users/Abraham/Desktop/Prototype/PrototypeTEST/Prototype/Saved/Example_MapF64C7AE746318D944C70479C21098B14.tmp' to '../../../../../../Users/Abraham/Desktop/Prototype/PrototypeTEST/Prototype/Content/Maps/Example_Map.umap'
[2014.12.04-01.23.11:015][444]Cmd: QUIT_EDITOR
[2014.12.04-01.23.11:300][444]LogExit: Preparing to exit.
[2014.12.04-01.23.12:498][444]LogExit: Editor shut down
[2014.12.04-01.23.12:499][444]LogExit: Transaction tracking system shut down
[2014.12.04-01.23.12:499][444]LogParticles: Destroying 0 GPU particle simulations for FXSystem 0x0000000010E8A520
[2014.12.04-01.23.12:500][444]LogParticles: Destroying 0 GPU particle simulations for FXSystem 0x0000000013CAF9C0
[2014.12.04-01.23.12:501][444]LogParticles: Destroying 0 GPU particle simulations for FXSystem 0x00000000121F7060
[2014.12.04-01.23.12:501][444]LogParticles: Destroying 0 GPU particle simulations for FXSystem 0x0000000017C179C0
[2014.12.04-01.23.12:541][444]LogExit: Object subsystem successfully closed.
[2014.12.04-01.23.12:581][444]LogModuleManager: Shutting down and abandoning module AndroidDeviceDetection (172)
[2014.12.04-01.23.12:581][444]LogModuleManager: Shutting down and abandoning module CrashTracker (171)
[2014.12.04-01.23.12:581][444]LogModuleManager: Shutting down and abandoning module SuperSearch (170)
[2014.12.04-01.23.12:581][444]LogModuleManager: Shutting down and abandoning module SceneOutliner (169)
[2014.12.04-01.23.12:581][444]LogModuleManager: Shutting down and abandoning module EditorWidgets (168)
[2014.12.04-01.23.12:581][444]LogModuleManager: Shutting down and abandoning module CollectionManager (167)
[2014.12.04-01.23.12:581][444]LogModuleManager: Shutting down and abandoning module StatsViewer (166)
[2014.12.04-01.23.12:581][444]LogModuleManager: Shutting down and abandoning module FoliageEdit (165)
[2014.12.04-01.23.12:581][444]LogModuleManager: Shutting down and abandoning module LandscapeEditor (164)
[2014.12.04-01.23.12:581][444]LogModuleManager: Shutting down and abandoning module MeshPaint (163)
[2014.12.04-01.23.12:581][444]LogModuleManager: Shutting down and abandoning module ActorPickerMode (162)
[2014.12.04-01.23.12:581][444]LogModuleManager: Shutting down and abandoning module GeometryMode (161)
[2014.12.04-01.23.12:581][444]LogModuleManager: Shutting down and abandoning module TextureAlignMode (160)
[2014.12.04-01.23.12:581][444]LogModuleManager: Shutting down and abandoning module BspMode (159)
[2014.12.04-01.23.12:581][444]LogModuleManager: Shutting down and abandoning module PlacementMode (158)
[2014.12.04-01.23.12:581][444]LogModuleManager: Shutting down and abandoning module AutomationWorker (157)
[2014.12.04-01.23.12:581][444]LogModuleManager: Shutting down and abandoning module CharacterAI (156)
[2014.12.04-01.23.12:581][444]LogModuleManager: Shutting down and abandoning module GameProjectGeneration (155)
[2014.12.04-01.23.12:581][444]LogModuleManager: Shutting down and abandoning module IntroTutorials (154)
[2014.12.04-01.23.12:581][444]LogModuleManager: Shutting down and abandoning module EditorLiveStreaming (153)
[2014.12.04-01.23.12:581][444]LogModuleManager: Shutting down and abandoning module HardwareTargeting (152)
[2014.12.04-01.23.12:581][444]LogModuleManager: Shutting down and abandoning module DeviceProfileEditor (151)
[2014.12.04-01.23.12:581][444]LogModuleManager: Shutting down and abandoning module UndoHistory (150)
[2014.12.04-01.23.12:581][444]LogModuleManager: Shutting down and abandoning module GameplayTagsEditor (149)
[2014.12.04-01.23.12:581][444]LogModuleManager: Shutting down and abandoning module UserFeedback (148)
[2014.12.04-01.23.12:581][444]LogModuleManager: Shutting down and abandoning module XmlParser (147)
[2014.12.04-01.23.12:581][444]LogModuleManager: Shutting down and abandoning module Blutility (146)
[2014.12.04-01.23.12:581][444]LogModuleManager: Shutting down and abandoning module IOSPlatformEditor (145)
[2014.12.04-01.23.12:581][444]LogModuleManager: Shutting down and abandoning module IOSRuntimeSettings (144)
[2014.12.04-01.23.12:581][444]LogModuleManager: Shutting down and abandoning module AndroidPlatformEditor (143)
[2014.12.04-01.23.12:581][444]LogModuleManager: Shutting down and abandoning module AndroidRuntimeSettings (142)
[2014.12.04-01.23.12:581][444]LogModuleManager: Shutting down and abandoning module ProjectTargetPlatformEditor (141)
[2014.12.04-01.23.12:582][444]LogModuleManager: Shutting down and abandoning module ProjectSettingsViewer (140)
[2014.12.04-01.23.12:582][444]LogModuleManager: Shutting down and abandoning module InputBindingEditor (139)
[2014.12.04-01.23.12:582][444]LogModuleManager: Shutting down and abandoning module EditorSettingsViewer (138)
[2014.12.04-01.23.12:582][444]LogModuleManager: Shutting down and abandoning module SettingsEditor (137)
[2014.12.04-01.23.12:582][444]LogModuleManager: Shutting down and abandoning module ProjectLauncher (136)
[2014.12.04-01.23.12:582][444]LogModuleManager: Shutting down and abandoning module SessionFrontend (135)
[2014.12.04-01.23.12:582][444]LogModuleManager: Shutting down and abandoning module ProfilerClient (134)
[2014.12.04-01.23.12:582][444]LogModuleManager: Shutting down and abandoning module TargetDeviceServices (133)
[2014.12.04-01.23.12:582][444]LogModuleManager: Shutting down and abandoning module DeviceManager (132)
[2014.12.04-01.23.12:582][444]LogModuleManager: Shutting down and abandoning module AutomationController (131)
[2014.12.04-01.23.12:582][444]LogModuleManager: Shutting down and abandoning module AutomationWindow (130)
[2014.12.04-01.23.12:582][444]LogModuleManager: Shutting down and abandoning module Layers (129)
[2014.12.04-01.23.12:582][444]LogModuleManager: Shutting down and abandoning module ComponentVisualizers (128)
[2014.12.04-01.23.12:582][444]LogModuleManager: Shutting down and abandoning module DetailCustomizations (127)
[2014.12.04-01.23.12:582][444]LogModuleManager: Shutting down and abandoning module PackagesDialog (126)
[2014.12.04-01.23.12:582][444]LogModuleManager: Shutting down and abandoning module AssetRegistry (125)
[2014.12.04-01.23.12:710][444]LogModuleManager: Shutting down and abandoning module Persona (124)
[2014.12.04-01.23.12:710][444]LogModuleManager: Shutting down and abandoning module Kismet (123)
[2014.12.04-01.23.12:710][444]LogModuleManager: Shutting down and abandoning module GraphEditor (122)
[2014.12.04-01.23.12:710][444]LogModuleManager: Shutting down and abandoning module ClassViewer (121)
[2014.12.04-01.23.12:710][444]LogModuleManager: Shutting down and abandoning module Toolbox (120)
[2014.12.04-01.23.12:710][444]LogModuleManager: Shutting down and abandoning module ModuleUI (119)
[2014.12.04-01.23.12:710][444]LogModuleManager: Shutting down and abandoning module MovieSceneTools (118)
[2014.12.04-01.23.12:710][444]LogModuleManager: Shutting down and abandoning module OutputLog (117)
[2014.12.04-01.23.12:710][444]LogModuleManager: Shutting down and abandoning module GammaUI (116)
[2014.12.04-01.23.12:710][444]LogModuleManager: Shutting down and abandoning module Documentation (115)
[2014.12.04-01.23.12:710][444]LogModuleManager: Shutting down and abandoning module GameLiveStreaming (114)
[2014.12.04-01.23.12:710][444]LogModuleManager: Shutting down and abandoning module StreamingPauseRendering (113)
[2014.12.04-01.23.12:710][444]LogModuleManager: Shutting down and abandoning module HTTP (112)
[2014.12.04-01.23.12:710][444]LogModuleManager: Shutting down and abandoning module AnalyticsET (111)
[2014.12.04-01.23.12:710][444]LogModuleManager: Shutting down and abandoning module Analytics (110)
[2014.12.04-01.23.12:710][444]LogModuleManager: Shutting down and abandoning module AITestSuite (109)
[2014.12.04-01.23.12:710][444]LogModuleManager: Shutting down and abandoning module AIModule (108)
[2014.12.04-01.23.12:710][444]LogModuleManager: Shutting down and abandoning module ProfilerService (107)
[2014.12.04-01.23.12:732][444]LogModuleManager: Shutting down and abandoning module TaskGraph (106)
[2014.12.04-01.23.12:732][444]LogModuleManager: Shutting down and abandoning module GameplayDebugger (105)
[2014.12.04-01.23.12:732][444]LogModuleManager: Shutting down and abandoning module SlateRemote (104)
[2014.12.04-01.23.12:732][444]LogModuleManager: Shutting down and abandoning module ScriptEditorPlugin (103)
[2014.12.04-01.23.12:732][444]LogModuleManager: Shutting down and abandoning module CustomMeshComponent (102)
[2014.12.04-01.23.12:732][444]LogModuleManager: Shutting down and abandoning module CableComponent (101)
[2014.12.04-01.23.12:732][444]LogModuleManager: Shutting down and abandoning module MessagingDebugger (100)
[2014.12.04-01.23.12:732][444]LogModuleManager: Shutting down and abandoning module MediaPlayerEditor (99)
[2014.12.04-01.23.12:732][444]LogModuleManager: Shutting down and abandoning module SpeedTreeImporter (98)
[2014.12.04-01.23.12:732][444]LogModuleManager: Shutting down and abandoning module PluginsEditor (97)
[2014.12.04-01.23.12:732][444]LogModuleManager: Shutting down and abandoning module EpicSurvey (96)
[2014.12.04-01.23.12:732][444]LogModuleManager: Shutting down and abandoning module DesktopPlatform (95)
[2014.12.04-01.23.12:732][444]LogModuleManager: Shutting down and abandoning module VisualStudioSourceCodeAccess (94)
[2014.12.04-01.23.12:732][444]LogModuleManager: Shutting down and abandoning module UObjectPlugin (93)
[2014.12.04-01.23.12:732][444]LogModuleManager: Shutting down and abandoning module SubversionSourceControl (92)
[2014.12.04-01.23.12:732][444]LogModuleManager: Shutting down and abandoning module SourceControl (91)
[2014.12.04-01.23.12:732][444]LogModuleManager: Shutting down and abandoning module PerforceSourceControl (90)
[2014.12.04-01.23.12:732][444]LogModuleManager: Shutting down and abandoning module BlankPlugin (89)
[2014.12.04-01.23.12:732][444]LogModuleManager: Shutting down and abandoning module SlateReflector (88)
[2014.12.04-01.23.12:732][444]LogModuleManager: Shutting down and abandoning module DirectoryWatcher (87)
[2014.12.04-01.23.12:732][444]LogModuleManager: Shutting down and abandoning module HotReload (86)
[2014.12.04-01.23.12:732][444]LogModuleManager: Shutting down and abandoning module MainFrame (85)
[2014.12.04-01.23.12:732][444]LogModuleManager: Shutting down and abandoning module LevelEditor (84)
[2014.12.04-01.23.12:733][444]LogModuleManager: Shutting down and abandoning module ViewportSnapping (83)
[2014.12.04-01.23.12:733][444]LogModuleManager: Shutting down and abandoning module SmartSnapping (82)
[2014.12.04-01.23.12:733][444]LogModuleManager: Shutting down and abandoning module PaperTiledImporter (81)
[2014.12.04-01.23.12:733][444]LogModuleManager: Shutting down and abandoning module PaperJsonImporter (80)
[2014.12.04-01.23.12:733][444]LogModuleManager: Shutting down and abandoning module ContentBrowser (79)
[2014.12.04-01.23.12:733][444]LogModuleManager: Shutting down and abandoning module Paper2DEditor (78)
[2014.12.04-01.23.12:733][444]LogModuleManager: Shutting down and abandoning module ScriptPlugin (77)
[2014.12.04-01.23.12:733][444]LogModuleManager: Shutting down and abandoning module UdpMessaging (76)
[2014.12.04-01.23.12:833][444]LogModuleManager: Shutting down and abandoning module Paper2D (75)
[2014.12.04-01.23.12:833][444]LogModuleManager: Shutting down and abandoning module UE4Game (74)
[2014.12.04-01.23.12:833][444]LogModuleManager: Shutting down and abandoning module WindowsMoviePlayer (73)
[2014.12.04-01.23.12:835][444]LogModuleManager: Shutting down and abandoning module Media (72)
[2014.12.04-01.23.12:835][444]LogModuleManager: Shutting down and abandoning module WmfMedia (71)
[2014.12.04-01.23.12:835][444]LogModuleManager: Shutting down and abandoning module OnlineBlueprintSupport (70)
[2014.12.04-01.23.12:835][444]LogModuleManager: Shutting down and abandoning module PropertyEditor (69)
[2014.12.04-01.23.12:835][444]LogModuleManager: Shutting down and abandoning module BehaviorTreeEditor (68)
[2014.12.04-01.23.12:835][444]LogModuleManager: Shutting down and abandoning module FunctionalTesting (67)
[2014.12.04-01.23.12:835][444]LogModuleManager: Shutting down and abandoning module CollisionAnalyzer (66)
[2014.12.04-01.23.12:835][444]LogModuleManager: Shutting down and abandoning module WorkspaceMenuStructure (65)
[2014.12.04-01.23.12:835][444]LogModuleManager: Shutting down and abandoning module MessageLog (64)
[2014.12.04-01.23.12:835][444]LogModuleManager: Shutting down and abandoning module Sequencer (63)
[2014.12.04-01.23.12:835][444]LogModuleManager: Shutting down and abandoning module AssetTools (62)
[2014.12.04-01.23.12:835][444]LogModuleManager: Shutting down and abandoning module UMGEditor (61)
[2014.12.04-01.23.12:835][444]LogModuleManager: Shutting down and abandoning module UMG (60)
[2014.12.04-01.23.12:835][444]LogModuleManager: Shutting down and abandoning module Slate (59)
[2014.12.04-01.23.12:835][444]LogModuleManager: Shutting down and abandoning module EditorStyle (58)
[2014.12.04-01.23.12:838][444]LogModuleManager: Shutting down and abandoning module SessionServices (57)
[2014.12.04-01.23.12:838][444]LogModuleManager: Shutting down and abandoning module SourceCodeAccess (56)
[2014.12.04-01.23.12:838][444]LogModuleManager: Shutting down and abandoning module HeadMountedDisplay (55)
[2014.12.04-01.23.12:838][444]LogModuleManager: Shutting down and abandoning module XAudio2 (54)
[2014.12.04-01.23.12:838][444]LogModuleManager: Shutting down and abandoning module Networking (52)
[2014.12.04-01.23.12:838][444]LogModuleManager: Shutting down and abandoning module Core (51)
[2014.12.04-01.23.12:838][444]LogModuleManager: Shutting down and abandoning module KismetCompiler (50)
[2014.12.04-01.23.12:838][444]LogModuleManager: Shutting down and abandoning module PhysXFormats (49)
[2014.12.04-01.23.12:838][444]LogModuleManager: Shutting down and abandoning module MeshUtilities (48)
[2014.12.04-01.23.12:838][444]LogModuleManager: Shutting down and abandoning module DerivedDataCache (47)
[2014.12.04-01.23.12:876][444]LogDerivedDataCache: Shutdown
[2014.12.04-01.23.12:876][444]LogModuleManager: Shutting down and abandoning module ShaderFormatOpenGL (46)
[2014.12.04-01.23.12:876][444]LogModuleManager: Shutting down and abandoning module ShaderFormatD3D (45)
[2014.12.04-01.23.12:876][444]LogModuleManager: Shutting down and abandoning module MetalShaderFormat (44)
[2014.12.04-01.23.12:876][444]LogModuleManager: Shutting down and abandoning module TextureFormatUncompressed (43)
[2014.12.04-01.23.12:876][444]LogModuleManager: Shutting down and abandoning module TextureFormatPVR (42)
[2014.12.04-01.23.12:876][444]LogModuleManager: Shutting down and abandoning module TextureFormatDXT (41)
[2014.12.04-01.23.12:876][444]LogModuleManager: Shutting down and abandoning module TextureFormatAndroid (40)
[2014.12.04-01.23.12:876][444]LogModuleManager: Shutting down and abandoning module AudioFormatOpus (39)
[2014.12.04-01.23.12:876][444]LogModuleManager: Shutting down and abandoning module AudioFormatOgg (38)
[2014.12.04-01.23.12:876][444]LogModuleManager: Shutting down and abandoning module AudioFormatADPCM (37)
[2014.12.04-01.23.12:876][444]LogModuleManager: Shutting down and abandoning module LinuxTargetPlatform (36)
[2014.12.04-01.23.12:876][444]LogModuleManager: Shutting down and abandoning module LinuxServerTargetPlatform (35)
[2014.12.04-01.23.12:876][444]LogModuleManager: Shutting down and abandoning module LinuxNoEditorTargetPlatform (34)
[2014.12.04-01.23.12:876][444]LogModuleManager: Shutting down and abandoning module Messaging (33)
[2014.12.04-01.23.12:876][444]LogModuleManager: Shutting down and abandoning module IOSTargetPlatform (32)
[2014.12.04-01.23.12:876][444]LogModuleManager: Shutting down and abandoning module Android_PVRTCTargetPlatform (31)
[2014.12.04-01.23.12:876][444]LogModuleManager: Shutting down and abandoning module Android_ETC2TargetPlatform (30)
[2014.12.04-01.23.12:876][444]LogModuleManager: Shutting down and abandoning module Android_ETC1TargetPlatform (29)
[2014.12.04-01.23.12:876][444]LogModuleManager: Shutting down and abandoning module Android_DXTTargetPlatform (28)
[2014.12.04-01.23.12:876][444]LogModuleManager: Shutting down and abandoning module Android_ATCTargetPlatform (27)
[2014.12.04-01.23.12:876][444]LogModuleManager: Shutting down and abandoning module AndroidTargetPlatform (26)
[2014.12.04-01.23.12:876][444]LogModuleManager: Shutting down and abandoning module WindowsTargetPlatform (25)
[2014.12.04-01.23.12:876][444]LogModuleManager: Shutting down and abandoning module WindowsServerTargetPlatform (24)
[2014.12.04-01.23.12:876][444]LogModuleManager: Shutting down and abandoning module WindowsNoEditorTargetPlatform (23)
[2014.12.04-01.23.12:876][444]LogModuleManager: Shutting down and abandoning module WindowsClientTargetPlatform (22)
[2014.12.04-01.23.12:876][444]LogModuleManager: Shutting down and abandoning module TargetPlatform (21)
[2014.12.04-01.23.12:876][444]LogModuleManager: Shutting down and abandoning module InputCore (20)
[2014.12.04-01.23.12:876][444]LogModuleManager: Shutting down and abandoning module Settings (19)
[2014.12.04-01.23.12:876][444]LogModuleManager: Shutting down and abandoning module ImageWrapper (18)
[2014.12.04-01.23.12:876][444]LogModuleManager: Shutting down and abandoning module OculusRift (15)
[2014.12.04-01.23.12:876][444]LogModuleManager: Shutting down and abandoning module ExampleDeviceProfileSelector (14)
[2014.12.04-01.23.12:876][444]LogModuleManager: Shutting down and abandoning module TextureCompressor (13)
[2014.12.04-01.23.12:876][444]LogModuleManager: Shutting down and abandoning module ShaderCore (12)
[2014.12.04-01.23.12:876][444]LogModuleManager: Shutting down and abandoning module Landscape (11)
[2014.12.04-01.23.12:876][444]LogModuleManager: Shutting down and abandoning module SlateRHIRenderer (10)
[2014.12.04-01.23.12:877][444]LogModuleManager: Shutting down and abandoning module OpenGLDrv (9)
[2014.12.04-01.23.12:877][444]LogModuleManager: Shutting down and abandoning module D3D11RHI (8)
[2014.12.04-01.23.12:877][444]LogModuleManager: Shutting down and abandoning module Renderer (7)
[2014.12.04-01.23.12:877][444]LogModuleManager: Shutting down and abandoning module Engine (6)
[2014.12.04-01.23.12:877][444]LogModuleManager: Shutting down and abandoning module CoreUObject (5)
[2014.12.04-01.23.12:877][444]LogModuleManager: Shutting down and abandoning module NetworkFile (4)
[2014.12.04-01.23.12:877][444]LogModuleManager: Shutting down and abandoning module StreamingFile (3)
[2014.12.04-01.23.12:877][444]LogModuleManager: Shutting down and abandoning module SandboxFile (2)
[2014.12.04-01.23.12:877][444]LogModuleManager: Shutting down and abandoning module PakFile (1)
[2014.12.04-01.23.12:877][444]LogExit: Exiting.
[2014.12.04-01.23.12:881][444]Log file closed, 12/03/14 20:23:12
