Log file open, 12/03/14 20:08:39
LogInit:Display: Running engine for game: Prototype
LogInit: Version: 4.6.0-2369412+++depot+UE4-Releases+4.6
LogInit: API Version: 2369412
LogInit: Compiled (64-bit): Nov 24 2014 21:54:04
LogInit: Compiled with Visual C++: 18.00.21005.01
LogInit: Build Configuration: Development
LogInit: Branch Name: ++depot+UE4-Releases+4.6
LogInit: Command line: 
LogInit: Base directory: C:/Program Files/Epic Games/4.6/Engine/Binaries/Win64/
LogInit: Rocket: 1
[2014.12.04-01.08.39:259][  0]LogTaskGraph: Started task graph with 3 named threads and 6 total threads.
[2014.12.04-01.08.39:310][  0]LogOnline:Warning: No default platform service specified for OnlineSubsystem
[2014.12.04-01.08.39:326][  0]LogInit: Presizing for 0 objects not considered by GC, pre-allocating 0 bytes.
[2014.12.04-01.08.39:334][  0]LogInit: Object subsystem initialized
[2014.12.04-01.08.39:336][  0]LogConsoleResponse:Warning: Skipping Unknown console variable: 'UIScaleRule = ShortestSide'
[2014.12.04-01.08.39:336][  0]LogConsoleResponse:Warning:   Found in ini file 'C:/Users/Esther/Desktop/PrototypeTEST/Prototype/Saved/Config/Windows/Engine.ini', in section '[/Script/Engine.RendererSettings]'
[2014.12.04-01.08.39:336][  0]LogConsoleResponse:Warning: Skipping Unknown console variable: 'UIScaleCurve = (EditorCurveData=(Keys=),ExternalCurve=None)'
[2014.12.04-01.08.39:336][  0]LogConsoleResponse:Warning:   Found in ini file 'C:/Users/Esther/Desktop/PrototypeTEST/Prototype/Saved/Config/Windows/Engine.ini', in section '[/Script/Engine.RendererSettings]'
[2014.12.04-01.08.39:336][  0]LogConsoleManager:Warning: Console variable 'r.MSAA.CompositingSampleCount' wasn't set (Priority ProjectSetting < Scalability)
[2014.12.04-01.08.39:336][  0]LogInit: Selected Device Profile: [Windows]
[2014.12.04-01.08.39:336][  0]LogInit: Applying CVar settings loaded from the selected device profile: [Windows]
[2014.12.04-01.08.39:341][  0]LogInit: Computer: ARCHER
[2014.12.04-01.08.39:341][  0]LogInit: User: Esther
[2014.12.04-01.08.39:341][  0]LogInit: CPU Page size=4096, Cores=4
[2014.12.04-01.08.39:341][  0]LogInit: High frequency timer resolution =3.410220 MHz
[2014.12.04-01.08.39:341][  0]LogMemory: Memory total: Physical=15.9GB (16GB approx) Virtual=131072.0GB
[2014.12.04-01.08.39:341][  0]LogMemory: Platform Memory Stats for Windows
[2014.12.04-01.08.39:341][  0]LogMemory: Process Physical Memory: 49.18 MB used, 49.18 MB peak
[2014.12.04-01.08.39:341][  0]LogMemory: Process Virtual Memory: 25.20 MB used, 25.20 MB peak
[2014.12.04-01.08.39:341][  0]LogMemory: Physical Memory: 4732.85 MB used, 16330.93 MB total
[2014.12.04-01.08.39:341][  0]LogMemory: Virtual Memory: 275.15 MB used, 134217728.00 MB total
[2014.12.04-01.08.39:364][  0]LogD3D11RHI: Found D3D11 adapter 0: NVIDIA GeForce GTX 660   (Feature Level 11_0)
[2014.12.04-01.08.39:364][  0]LogD3D11RHI: Adapter has 1989MB of dedicated video memory, 0MB of dedicated system memory, and 2048MB of shared system memory, 1 output[s]
[2014.12.04-01.08.39:365][  0]LogD3D11RHI: Found D3D11 adapter 1: Microsoft Basic Render Driver (Feature Level 11_0)
[2014.12.04-01.08.39:365][  0]LogD3D11RHI: Adapter has 0MB of dedicated video memory, 0MB of dedicated system memory, and 256MB of shared system memory, 0 output[s]
[2014.12.04-01.08.39:365][  0]LogD3D11RHI: Chosen D3D11 Adapter Id = 0
[2014.12.04-01.08.39:368][  0]LogRHI: Texture pool is 1361 MB (70% of 1945 MB)
[2014.12.04-01.08.39:377][  0]LogD3D11RHI: Async texture creation enabled
[2014.12.04-01.08.39:433][  0]LogTextLocalizationManager: The requested culture ('en_US') has no localization data; parent culture's ('en') localization data will be used.
[2014.12.04-01.08.39:555][  0]LogContentStreaming: Texture pool size is 0.000000MB
[2014.12.04-01.08.44:560][  0]LogTargetPlatformManager:Display: Building Assets For Windows
[2014.12.04-01.08.44:956][  0]LogTargetPlatformManager:Display: Building Assets For Windows
[2014.12.04-01.08.45:005][  0]LogDerivedDataCache:Display: Max Cache Size: 512 MB
[2014.12.04-01.08.45:048][  0]LogDerivedDataCache: Loaded boot cache 0.04s 39MB C:/Users/Esther/AppData/Local/UnrealEngine/4.6/DerivedDataCache/Boot.ddc.
[2014.12.04-01.08.45:048][  0]LogDerivedDataCache:Display: Loaded Boot cache: C:/Users/Esther/AppData/Local/UnrealEngine/4.6/DerivedDataCache/Boot.ddc
[2014.12.04-01.08.45:048][  0]LogDerivedDataCache: FDerivedDataBackendGraph:  Pak pak cache file ../../../../../../Users/Esther/Desktop/PrototypeTEST/Prototype/DerivedDataCache/DDC.ddp not found, will not use a pak cache.
[2014.12.04-01.08.45:048][  0]LogDerivedDataCache: Unable to find inner node Pak for hierarchical cache Hierarchy.
[2014.12.04-01.08.45:112][  0]LogDerivedDataCache:Display: Pak cache opened for reading ../../../Engine/DerivedDataCache/DDC.ddp.
[2014.12.04-01.08.45:124][  0]LogDerivedDataCache: Using Local data cache path C:/Users/Esther/AppData/Local/UnrealEngine/Common/DerivedDataCache: Writable
[2014.12.04-01.08.45:254][  0]LogCollisionProfile:Warning: Profile (UI) - Custom Channel Name = 'Weapon' hasn't been found
[2014.12.04-01.08.45:383][  0]LogMeshUtilities: No automatic mesh reduction module available
[2014.12.04-01.08.45:383][  0]LogMeshUtilities: No automatic mesh merging module available
[2014.12.04-01.08.45:730][  0]LogInit: WinSock: version 1.1 (2.2), MaxSocks=32767, MaxUdp=65467
[2014.12.04-01.08.45:778][  0]LogSlate:Warning: Failed to load font data from '../../../Engine/Content/Slate/Fonts/Roboto-Italic.ttf'
[2014.12.04-01.08.46:427][  0]UdpMessaging: Initializing bridge on interface 0.0.0.0:0 to multicast group 230.0.0.1:6666.
[2014.12.04-01.08.46:571][  0]LogDirectoryWatcher:Warning: Failed to begin reading directory changes for C:/Users/Esther/Desktop/PrototypeTEST/Prototype/Binaries/Win64. Error: 0
[2014.12.04-01.08.46:694][  0]SourceControl: Info Source control is disabled
[2014.12.04-01.08.46:694][  0]SourceControl: Info Source control is disabled
[2014.12.04-01.08.46:700][  0]SourceControl: Info Source control is disabled
[2014.12.04-01.08.46:799][  0]LogObj: 23754 objects as part of root set at end of initial load.
[2014.12.04-01.08.46:799][  0]LogUObjectAllocator: 5168136 out of 0 bytes used by permanent object pool.
[2014.12.04-01.08.46:849][  0]LogEngine: Initializing Engine...
[2014.12.04-01.08.46:977][  0]LogInit: XAudio2 using '32LD400-4 (NVIDIA High Definition Audio)' : 2 channels at 48 kHz using 16 bits per sample (channel mask 0x3)
[2014.12.04-01.08.46:981][  0]LogInit: FAudioDevice initialized.
[2014.12.04-01.08.46:997][  0]LogAIModule: Creating AISystem for world NewWorld
[2014.12.04-01.08.47:023][  0]LogDerivedDataCache: Saved boot cache 0.02s 39MB C:/Users/Esther/AppData/Local/UnrealEngine/4.6/DerivedDataCache/Boot.ddc.
[2014.12.04-01.08.47:026][  0]LogInit: Texture streaming: Enabled
[2014.12.04-01.08.47:049][  0]LogAnalytics: Creating configured Analytics provider AnalyticsET
[2014.12.04-01.08.47:049][  0]LogAnalytics: ET APIKey = Rocket.Release. APIServer = http://et2.epicgames.com/ET2/. AppVersion = 4.6.0-2369412+++depot+UE4-Releases+4.6
[2014.12.04-01.08.47:050][  0]LogAnalytics: SetUserId 70beb0383841c0a2e9ed774eed08f711
[2014.12.04-01.08.47:050][  0]LogAnalytics: AnalyticsET::StartSession [Rocket.Release]
[2014.12.04-01.08.47:061][  0]LogInit: Transaction tracking system initialized
[2014.12.04-01.08.47:136][  0]BlueprintLog: New page: Editor Load
[2014.12.04-01.08.47:163][  0]LogAssetRegistry: FAssetRegistry took 0.0111 seconds to start up
[2014.12.04-01.08.47:163][  0]LogDirectoryWatcher:Warning: Failed to begin reading directory changes for ../../../Engine/Plugins/Experimental/CharacterAI/Content/. Error: 0
[2014.12.04-01.08.47:621][  0]LogTargetPlatformManager:Display: Building Assets For Windows
[2014.12.04-01.08.47:958][  0]LogTargetPlatformManager:Display: Building Assets For Windows
[2014.12.04-01.08.48:100][  0]LogConsoleResponse:Display: 
[2014.12.04-01.08.48:140][  0]LogLinker:Warning: Asset '../../../Engine/Content/Functions/Engine_MaterialFunctions03/Procedurals/ComputeFilterWidth.uasset' has been saved with empty engine version. The asset will be loaded but may be incompatible.
[2014.12.04-01.08.48:301][  0]SourceControl: Info Source control is disabled
[2014.12.04-01.08.48:301][  0]Cmd: MAP LOAD FILE="../../../../../../Users/Esther/Desktop/PrototypeTEST/Prototype/Content/Maps/Example_Map.umap" TEMPLATE=0 SHOWPROGRESS=1
[2014.12.04-01.08.48:301][  0]LightingResults: New page: Lighting Build
[2014.12.04-01.08.48:309][  0]MapCheck: New page: Map Check
[2014.12.04-01.08.48:309][  0]LightingResults: New page: Lighting Build
[2014.12.04-01.08.48:316][  0]LogParticles: Destroying 0 GPU particle simulations for FXSystem 0x00000002D8C65940
[2014.12.04-01.08.48:627][  0]LogEditorServer: Finished looking for orphan Actors (0.000 secs)
[2014.12.04-01.08.48:628][  0]LogAIModule: Creating AISystem for world Example_Map
[2014.12.04-01.08.48:628][  0]Cmd: MAP CHECKDEP
[2014.12.04-01.08.48:628][  0]MapCheck: New page: Example_Map - Dec 3, 2014, 3:08:48 PM
[2014.12.04-01.08.48:702][  0]MapCheck: Info Map check complete: 0 Error(s), 0 Warning(s), took 73.48ms to complete.
[2014.12.04-01.08.48:702][  0]LogFileHelpers: Loading map 'Example_Map' took 0.401
[2014.12.04-01.08.48:777][  0]LogCollectionManager: Loaded 0 collections in 0.000858 seconds
[2014.12.04-01.08.48:789][  0]LogContentBrowser:Verbose: The content browser source was changed by the sources view to '/Game'
[2014.12.04-01.08.48:864][  0]LogCrashTracker: Crashtracker disabled due to settings.
[2014.12.04-01.08.48:901][  0]LogLoad: Full Startup: 11.44 seconds (BP compile: 0.05 seconds)
[2014.12.04-01.08.49:025][  0]LogPackageName: SearchForPackageOnDisk took   0.061s to resolve LevelEditor.TutorialLaunchButton
[2014.12.04-01.08.49:025][  0]LogUObjectGlobals:Warning: LoadPackage can't find package LevelEditor.TutorialLaunchButton.
[2014.12.04-01.08.49:085][  0]LogPackageName: SearchForPackageOnDisk took   0.060s to resolve 
[2014.12.04-01.08.49:085][  0]LogUObjectGlobals:Warning: LoadPackage can't find package .
[2014.12.04-01.08.49:171][  0]LogRenderer:Warning: Reallocating scene render targets to support 1136x904.
[2014.12.04-01.08.49:348][  1]LogAssetRegistry: Asset discovery search completed in 2.1969 seconds
[2014.12.04-01.08.50:992][135]LogContentBrowser:Verbose: The content browser source was changed by the sources view to '/Game/Blueprints'
[2014.12.04-01.08.52:864][315]LogContentBrowser:Verbose: The content browser source was changed by the sources view to '/Game/Audio'
[2014.12.04-01.08.53:471][376]LogContentBrowser:Verbose: The content browser source was changed by the sources view to '/Game/Animations'
[2014.12.04-01.08.54:156][444]LogContentBrowser:Verbose: The content browser source was changed by the sources view to '/Game/Character'
[2014.12.04-01.08.54:666][496]LogContentBrowser:Verbose: The content browser source was changed by the sources view to '/Game/Blueprints'
[2014.12.04-01.08.55:277][556]LogContentBrowser:Verbose: The content browser source was changed by the sources view to '/Game/Maps'
[2014.12.04-01.08.55:743][603]LogContentBrowser:Verbose: The content browser source was changed by the sources view to '/Game/Textures'
[2014.12.04-01.08.56:375][667]LogContentBrowser:Verbose: The content browser source was changed by the sources view to '/Game/Meshes'
[2014.12.04-01.08.56:870][708]LogContentBrowser:Verbose: The content browser source was changed by the sources view to '/Game/Maps'
[2014.12.04-01.08.57:234][745]LogContentBrowser:Verbose: The content browser source was changed by the sources view to '/Game/Blueprints'
[2014.12.04-01.08.57:622][784]LogContentBrowser:Verbose: The content browser source was changed by the sources view to '/Game/Animations'
[2014.12.04-01.08.58:687][890]LogContentBrowser:Verbose: The content browser source was changed by the sources view to '/Game'
[2014.12.04-01.09.01:027][ 45]LogPackageName: SearchForPackageOnDisk took   0.060s to resolve LevelEditor.TutorialLaunchButton
[2014.12.04-01.09.01:027][ 45]LogUObjectGlobals:Warning: LoadPackage can't find package LevelEditor.TutorialLaunchButton.
[2014.12.04-01.09.01